# JRE version: OpenJDK Runtime Environment (8.0_163-b01) (build 1.8.0_163-b01)
# Java VM: OpenJDK 64-Bit Server VM (25.163-b01 mixed mode linux-amd64 compressed oops)
Heap:
 PSYoungGen      total 290816K, used 4179K [0x00000000eab00000, 0x0000000100000000, 0x0000000100000000)
  eden space 244736K, 1% used [0x00000000eab00000,0x00000000eaf14d38,0x00000000f9a00000)
  from space 46080K, 0% used [0x00000000fd300000,0x00000000fd300000,0x0000000100000000)
  to   space 52224K, 0% used [0x00000000f9a00000,0x00000000f9a00000,0x00000000fcd00000)
 ParOldGen       total 379392K, used 80497K [0x00000000c0000000, 0x00000000d7280000, 0x00000000eab00000)
  object space 379392K, 21% used [0x00000000c0000000,0x00000000c4e9c7e0,0x00000000d7280000)
 Metaspace       used 95452K, capacity 97766K, committed 98560K, reserved 1130496K
  class space    used 15872K, capacity 16493K, committed 16640K, reserved 1048576K
GC Heap History (10 events):
Event: 1540.794 GC heap before
{Heap before GC invocations=14 (full 3):
 PSYoungGen      total 235008K, used 234509K [0x00000000eab00000, 0x00000000fbe80000, 0x0000000100000000)
  eden space 211968K, 100% used [0x00000000eab00000,0x00000000f7a00000,0x00000000f7a00000)
  from space 23040K, 97% used [0x00000000fa800000,0x00000000fbe036a0,0x00000000fbe80000)
  to   space 28672K, 0% used [0x00000000f8680000,0x00000000f8680000,0x00000000fa280000)
 ParOldGen       total 261120K, used 39545K [0x00000000c0000000, 0x00000000cff00000, 0x00000000eab00000)
  object space 261120K, 15% used [0x00000000c0000000,0x00000000c269e7f8,0x00000000cff00000)
 Metaspace       used 87092K, capacity 88544K, committed 88832K, reserved 1122304K
  class space    used 14870K, capacity 15302K, committed 15360K, reserved 1048576K
Event: 1540.872 GC heap after
Heap after GC invocations=14 (full 3):
 PSYoungGen      total 253440K, used 28665K [0x00000000eab00000, 0x00000000fe800000, 0x0000000100000000)
  eden space 224768K, 0% used [0x00000000eab00000,0x00000000eab00000,0x00000000f8680000)
  from space 28672K, 99% used [0x00000000f8680000,0x00000000fa27e468,0x00000000fa280000)
  to   space 35328K, 0% used [0x00000000fc580000,0x00000000fc580000,0x00000000fe800000)
 ParOldGen       total 261120K, used 46467K [0x00000000c0000000, 0x00000000cff00000, 0x00000000eab00000)
  object space 261120K, 17% used [0x00000000c0000000,0x00000000c2d60fa8,0x00000000cff00000)
 Metaspace       used 87092K, capacity 88544K, committed 88832K, reserved 1122304K
  class space    used 14870K, capacity 15302K, committed 15360K, reserved 1048576K
}
Event: 1543.464 GC heap before
{Heap before GC invocations=15 (full 3):
 PSYoungGen      total 253440K, used 253429K [0x00000000eab00000, 0x00000000fe800000, 0x0000000100000000)
  eden space 224768K, 99% used [0x00000000eab00000,0x00000000f867f308,0x00000000f8680000)
  from space 28672K, 99% used [0x00000000f8680000,0x00000000fa27e468,0x00000000fa280000)
  to   space 35328K, 0% used [0x00000000fc580000,0x00000000fc580000,0x00000000fe800000)
 ParOldGen       total 261120K, used 46467K [0x00000000c0000000, 0x00000000cff00000, 0x00000000eab00000)
  object space 261120K, 17% used [0x00000000c0000000,0x00000000c2d60fa8,0x00000000cff00000)
 Metaspace       used 89170K, capacity 90934K, committed 91264K, reserved 1124352K
  class space    used 15122K, capacity 15648K, committed 15744K, reserved 1048576K
Event: 1543.513 GC heap after
Heap after GC invocations=15 (full 3):
 PSYoungGen      total 284672K, used 34418K [0x00000000eab00000, 0x00000000fff80000, 0x0000000100000000)
  eden space 249344K, 0% used [0x00000000eab00000,0x00000000eab00000,0x00000000f9e80000)
  from space 35328K, 97% used [0x00000000fc580000,0x00000000fe71cbd0,0x00000000fe800000)
  to   space 39936K, 0% used [0x00000000f9e80000,0x00000000f9e80000,0x00000000fc580000)
 ParOldGen       total 261120K, used 46570K [0x00000000c0000000, 0x00000000cff00000, 0x00000000eab00000)
  object space 261120K, 17% used [0x00000000c0000000,0x00000000c2d7a978,0x00000000cff00000)
 Metaspace       used 89170K, capacity 90934K, committed 91264K, reserved 1124352K
  class space    used 15122K, capacity 15648K, committed 15744K, reserved 1048576K
}
Event: 1554.966 GC heap before
{Heap before GC invocations=16 (full 3):
 PSYoungGen      total 284672K, used 283762K [0x00000000eab00000, 0x00000000fff80000, 0x0000000100000000)
  eden space 249344K, 100% used [0x00000000eab00000,0x00000000f9e80000,0x00000000f9e80000)
  from space 35328K, 97% used [0x00000000fc580000,0x00000000fe71cbd0,0x00000000fe800000)
  to   space 39936K, 0% used [0x00000000f9e80000,0x00000000f9e80000,0x00000000fc580000)
 ParOldGen       total 261120K, used 46570K [0x00000000c0000000, 0x00000000cff00000, 0x00000000eab00000)
  object space 261120K, 17% used [0x00000000c0000000,0x00000000c2d7a978,0x00000000cff00000)
 Metaspace       used 93656K, capacity 95486K, committed 95616K, reserved 1128448K
  class space    used 15607K, capacity 16150K, committed 16256K, reserved 1048576K
Event: 1555.011 GC heap after
Heap after GC invocations=16 (full 3):
 PSYoungGen      total 289280K, used 39908K [0x00000000eab00000, 0x0000000100000000, 0x0000000100000000)
  eden space 249344K, 0% used [0x00000000eab00000,0x00000000eab00000,0x00000000f9e80000)
  from space 39936K, 99% used [0x00000000f9e80000,0x00000000fc579278,0x00000000fc580000)
  to   space 46080K, 0% used [0x00000000fd300000,0x00000000fd300000,0x0000000100000000)
 ParOldGen       total 261120K, used 47515K [0x00000000c0000000, 0x00000000cff00000, 0x00000000eab00000)
  object space 261120K, 18% used [0x00000000c0000000,0x00000000c2e66e68,0x00000000cff00000)
 Metaspace       used 93656K, capacity 95486K, committed 95616K, reserved 1128448K
  class space    used 15607K, capacity 16150K, committed 16256K, reserved 1048576K
}
Event: 1556.051 GC heap before
{Heap before GC invocations=17 (full 3):
 PSYoungGen      total 289280K, used 217922K [0x00000000eab00000, 0x0000000100000000, 0x0000000100000000)
  eden space 249344K, 71% used [0x00000000eab00000,0x00000000f58d7690,0x00000000f9e80000)
  from space 39936K, 99% used [0x00000000f9e80000,0x00000000fc579278,0x00000000fc580000)
  to   space 46080K, 0% used [0x00000000fd300000,0x00000000fd300000,0x0000000100000000)
 ParOldGen       total 261120K, used 47515K [0x00000000c0000000, 0x00000000cff00000, 0x00000000eab00000)
  object space 261120K, 18% used [0x00000000c0000000,0x00000000c2e66e68,0x00000000cff00000)
 Metaspace       used 95804K, capacity 98292K, committed 98348K, reserved 1130496K
  class space    used 15940K, capacity 16619K, committed 16640K, reserved 1048576K
Event: 1556.093 GC heap after
Heap after GC invocations=17 (full 3):
 PSYoungGen      total 290816K, used 43969K [0x00000000eab00000, 0x0000000100000000, 0x0000000100000000)
  eden space 244736K, 0% used [0x00000000eab00000,0x00000000eab00000,0x00000000f9a00000)
  from space 46080K, 95% used [0x00000000fd300000,0x00000000ffdf06e8,0x0000000100000000)
  to   space 52224K, 0% used [0x00000000f9a00000,0x00000000f9a00000,0x00000000fcd00000)
 ParOldGen       total 261120K, used 53602K [0x00000000c0000000, 0x00000000cff00000, 0x00000000eab00000)
  object space 261120K, 20% used [0x00000000c0000000,0x00000000c3458a90,0x00000000cff00000)
 Metaspace       used 95804K, capacity 98292K, committed 98348K, reserved 1130496K
  class space    used 15940K, capacity 16619K, committed 16640K, reserved 1048576K
}
Event: 1556.093 GC heap before
{Heap before GC invocations=18 (full 4):
 PSYoungGen      total 290816K, used 43969K [0x00000000eab00000, 0x0000000100000000, 0x0000000100000000)
  eden space 244736K, 0% used [0x00000000eab00000,0x00000000eab00000,0x00000000f9a00000)
  from space 46080K, 95% used [0x00000000fd300000,0x00000000ffdf06e8,0x0000000100000000)
  to   space 52224K, 0% used [0x00000000f9a00000,0x00000000f9a00000,0x00000000fcd00000)
 ParOldGen       total 261120K, used 53602K [0x00000000c0000000, 0x00000000cff00000, 0x00000000eab00000)
  object space 261120K, 20% used [0x00000000c0000000,0x00000000c3458a90,0x00000000cff00000)
 Metaspace       used 95804K, capacity 98292K, committed 98348K, reserved 1130496K
  class space    used 15940K, capacity 16619K, committed 16640K, reserved 1048576K
Event: 1556.498 GC heap after
Heap after GC invocations=18 (full 4):
 PSYoungGen      total 290816K, used 0K [0x00000000eab00000, 0x0000000100000000, 0x0000000100000000)
  eden space 244736K, 0% used [0x00000000eab00000,0x00000000eab00000,0x00000000f9a00000)
  from space 46080K, 0% used [0x00000000fd300000,0x00000000fd300000,0x0000000100000000)
  to   space 52224K, 0% used [0x00000000f9a00000,0x00000000f9a00000,0x00000000fcd00000)
 ParOldGen       total 379392K, used 80497K [0x00000000c0000000, 0x00000000d7280000, 0x00000000eab00000)
  object space 379392K, 21% used [0x00000000c0000000,0x00000000c4e9c7e0,0x00000000d7280000)
 Metaspace       used 95427K, capacity 97666K, committed 98348K, reserved 1130496K
  class space    used 15869K, capacity 16487K, committed 16640K, reserved 1048576K
}

