<?xml version="1.0" encoding="UTF-8"?>
<testsuite name="hello.ApplicationTest" tests="1" skipped="0" failures="0" errors="0" timestamp="2018-05-09T18:34:51" hostname="richard-ThinkPad-T470-W10DG" time="0.002">
  <properties/>
  <testcase name="contextLoads" classname="hello.ApplicationTest" time="0.002"/>
  <system-out><![CDATA[2018-05-09 19:34:51.128  INFO 20195 --- [    Test worker] .b.t.c.SpringBootTestContextBootstrapper : Neither @ContextConfiguration nor @ContextHierarchy found for test class [hello.ApplicationTest], using SpringBootContextLoader
2018-05-09 19:34:51.130  INFO 20195 --- [    Test worker] o.s.t.c.support.AbstractContextLoader    : Could not detect default resource locations for test class [hello.ApplicationTest]: no resource found for suffixes {-context.xml, Context.groovy}.
2018-05-09 19:34:51.130  INFO 20195 --- [    Test worker] t.c.s.AnnotationConfigContextLoaderUtils : Could not detect default configuration classes for test class [hello.ApplicationTest]: ApplicationTest does not declare any static, non-private, non-final, nested classes annotated with @Configuration.
2018-05-09 19:34:51.132  INFO 20195 --- [    Test worker] .b.t.c.SpringBootTestContextBootstrapper : Found @SpringBootConfiguration hello.Application for test class hello.ApplicationTest
2018-05-09 19:34:51.136  INFO 20195 --- [    Test worker] .b.t.c.SpringBootTestContextBootstrapper : Loaded default TestExecutionListener class names from location [META-INF/spring.factories]: [org.springframework.test.context.web.ServletTestExecutionListener, org.springframework.test.context.support.DirtiesContextBeforeModesTestExecutionListener, org.springframework.test.context.support.DependencyInjectionTestExecutionListener, org.springframework.test.context.support.DirtiesContextTestExecutionListener, org.springframework.test.context.transaction.TransactionalTestExecutionListener, org.springframework.test.context.jdbc.SqlScriptsTestExecutionListener, org.springframework.boot.test.autoconfigure.restdocs.RestDocsTestExecutionListener, org.springframework.boot.test.autoconfigure.web.client.MockRestServiceServerResetTestExecutionListener, org.springframework.boot.test.autoconfigure.web.servlet.MockMvcPrintOnlyOnFailureTestExecutionListener, org.springframework.boot.test.autoconfigure.web.servlet.WebDriverTestExecutionListener, org.springframework.boot.test.mock.mockito.MockitoTestExecutionListener, org.springframework.boot.test.mock.mockito.ResetMocksTestExecutionListener]
2018-05-09 19:34:51.137  INFO 20195 --- [    Test worker] .b.t.c.SpringBootTestContextBootstrapper : Using TestExecutionListeners: [org.springframework.test.context.web.ServletTestExecutionListener@2653b8f4, org.springframework.test.context.support.DirtiesContextBeforeModesTestExecutionListener@5255f305, org.springframework.boot.test.mock.mockito.MockitoTestExecutionListener@3defd143, org.springframework.boot.test.autoconfigure.SpringBootDependencyInjectionTestExecutionListener@53c84f7a, org.springframework.test.context.support.DirtiesContextTestExecutionListener@6867c9ef, org.springframework.test.context.transaction.TransactionalTestExecutionListener@15d7d23d, org.springframework.test.context.jdbc.SqlScriptsTestExecutionListener@56f17c0d, org.springframework.boot.test.autoconfigure.web.client.MockRestServiceServerResetTestExecutionListener@47535a36, org.springframework.boot.test.autoconfigure.restdocs.RestDocsTestExecutionListener@112dcb82, org.springframework.boot.test.mock.mockito.ResetMocksTestExecutionListener@3ac0b5a0, org.springframework.boot.test.autoconfigure.web.servlet.WebDriverTestExecutionListener@670ca7e1, org.springframework.boot.test.autoconfigure.web.servlet.MockMvcPrintOnlyOnFailureTestExecutionListener@3a53c3dc]

  .   ____          _            __ _ _
 /\\ / ___'_ __ _ _(_)_ __  __ _ \ \ \ \
( ( )\___ | '_ | '_| | '_ \/ _` | \ \ \ \
 \\/  ___)| |_)| | | | | || (_| |  ) ) ) )
  '  |____| .__|_| |_|_| |_\__, | / / / /
 =========|_|==============|___/=/_/_/_/
 :: Spring Boot ::        (v2.0.1.RELEASE)

2018-05-09 19:34:51.163  INFO 20195 --- [    Test worker] hello.ApplicationTest                    : Starting ApplicationTest on richard-ThinkPad-T470-W10DG with PID 20195 (started by richard in /home/richard/workspace/workspace_spring/restDocsTest)
2018-05-09 19:34:51.163  INFO 20195 --- [    Test worker] hello.ApplicationTest                    : No active profile set, falling back to default profiles: default
2018-05-09 19:34:51.170  INFO 20195 --- [    Test worker] o.s.w.c.s.GenericWebApplicationContext   : Refreshing org.springframework.web.context.support.GenericWebApplicationContext@2fe0c130: startup date [Wed May 09 19:34:51 BST 2018]; root of context hierarchy
2018-05-09 19:34:51.296  INFO 20195 --- [    Test worker] o.s.i.config.IntegrationRegistrar        : No bean named 'integrationHeaderChannelRegistry' has been explicitly defined. Therefore, a default DefaultHeaderChannelRegistry will be created.
2018-05-09 19:34:51.325  INFO 20195 --- [    Test worker] faultConfiguringBeanFactoryPostProcessor : No bean named 'errorChannel' has been explicitly defined. Therefore, a default PublishSubscribeChannel will be created.
2018-05-09 19:34:51.326  INFO 20195 --- [    Test worker] faultConfiguringBeanFactoryPostProcessor : No bean named 'taskScheduler' has been explicitly defined. Therefore, a default ThreadPoolTaskScheduler will be created.
2018-05-09 19:34:51.365  INFO 20195 --- [    Test worker] trationDelegate$BeanPostProcessorChecker : Bean 'org.springframework.integration.config.IntegrationManagementConfiguration' of type [org.springframework.integration.config.IntegrationManagementConfiguration$$EnhancerBySpringCGLIB$$54612c54] is not eligible for getting processed by all BeanPostProcessors (for example: not eligible for auto-proxying)
2018-05-09 19:34:51.579  INFO 20195 --- [    Test worker] o.s.w.s.handler.SimpleUrlHandlerMapping  : Mapped URL path [/**/favicon.ico] onto handler of type [class org.springframework.web.servlet.resource.ResourceHttpRequestHandler]
2018-05-09 19:34:51.649  INFO 20195 --- [    Test worker] s.w.s.m.m.a.RequestMappingHandlerAdapter : Looking for @ControllerAdvice: org.springframework.web.context.support.GenericWebApplicationContext@2fe0c130: startup date [Wed May 09 19:34:51 BST 2018]; root of context hierarchy
2018-05-09 19:34:51.667  INFO 20195 --- [    Test worker] s.w.s.m.m.a.RequestMappingHandlerMapping : Mapped "{[/],methods=[GET]}" onto public java.util.Map<java.lang.String, java.lang.Object> hello.HelloController.greeting()
2018-05-09 19:34:51.669  INFO 20195 --- [    Test worker] s.w.s.m.m.a.RequestMappingHandlerMapping : Mapped "{[/error],produces=[text/html]}" onto public org.springframework.web.servlet.ModelAndView org.springframework.boot.autoconfigure.web.servlet.error.BasicErrorController.errorHtml(javax.servlet.http.HttpServletRequest,javax.servlet.http.HttpServletResponse)
2018-05-09 19:34:51.670  INFO 20195 --- [    Test worker] s.w.s.m.m.a.RequestMappingHandlerMapping : Mapped "{[/error]}" onto public org.springframework.http.ResponseEntity<java.util.Map<java.lang.String, java.lang.Object>> org.springframework.boot.autoconfigure.web.servlet.error.BasicErrorController.error(javax.servlet.http.HttpServletRequest)
2018-05-09 19:34:51.696  INFO 20195 --- [    Test worker] o.s.w.s.handler.SimpleUrlHandlerMapping  : Mapped URL path [/webjars/**] onto handler of type [class org.springframework.web.servlet.resource.ResourceHttpRequestHandler]
2018-05-09 19:34:51.696  INFO 20195 --- [    Test worker] o.s.w.s.handler.SimpleUrlHandlerMapping  : Mapped URL path [/**] onto handler of type [class org.springframework.web.servlet.resource.ResourceHttpRequestHandler]
2018-05-09 19:34:51.806  INFO 20195 --- [    Test worker] o.s.s.c.ThreadPoolTaskScheduler          : Initializing ExecutorService  'taskScheduler'
2018-05-09 19:34:51.967  INFO 20195 --- [    Test worker] o.s.c.support.DefaultLifecycleProcessor  : Starting beans in phase 0
2018-05-09 19:34:51.967  INFO 20195 --- [    Test worker] o.s.i.endpoint.EventDrivenConsumer       : Adding {logging-channel-adapter:_org.springframework.integration.errorLogger} as a subscriber to the 'errorChannel' channel
2018-05-09 19:34:51.968  INFO 20195 --- [    Test worker] o.s.i.channel.PublishSubscribeChannel    : Channel 'application.errorChannel' has 1 subscriber(s).
2018-05-09 19:34:51.969  INFO 20195 --- [    Test worker] o.s.i.endpoint.EventDrivenConsumer       : started _org.springframework.integration.errorLogger
2018-05-09 19:34:51.976  INFO 20195 --- [    Test worker] hello.ApplicationTest                    : Started ApplicationTest in 0.834 seconds (JVM running for 8.731)
]]></system-out>
  <system-err><![CDATA[]]></system-err>
</testsuite>
