<?xml version="1.0" encoding="UTF-8"?>
<testsuite name="hello.SampleRestControllerDocsTests" tests="2" skipped="0" failures="0" errors="0" timestamp="2018-05-09T18:34:44" hostname="richard-ThinkPad-T470-W10DG" time="6.256">
  <properties/>
  <testcase name="testProcess(request-valid.json, process-valid, 200) [0]" classname="hello.SampleRestControllerDocsTests" time="5.587"/>
  <testcase name="testProcess(request-invalid.json, process-invalid, 200) [1]" classname="hello.SampleRestControllerDocsTests" time="0.669"/>
  <system-out><![CDATA[19:34:43.765 [Test worker] DEBUG org.springframework.test.context.junit4.rules.SpringClassRule - Applying SpringClassRule to test class [hello.SampleRestControllerDocsTests]
19:34:43.777 [Test worker] DEBUG org.springframework.test.context.BootstrapUtils - Instantiating CacheAwareContextLoaderDelegate from class [org.springframework.test.context.cache.DefaultCacheAwareContextLoaderDelegate]
19:34:43.790 [Test worker] DEBUG org.springframework.test.context.BootstrapUtils - Instantiating BootstrapContext using constructor [public org.springframework.test.context.support.DefaultBootstrapContext(java.lang.Class,org.springframework.test.context.CacheAwareContextLoaderDelegate)]
19:34:43.811 [Test worker] DEBUG org.springframework.test.context.BootstrapUtils - Instantiating TestContextBootstrapper for test class [hello.SampleRestControllerDocsTests] from class [org.springframework.boot.test.context.SpringBootTestContextBootstrapper]
19:34:43.820 [Test worker] INFO org.springframework.boot.test.context.SpringBootTestContextBootstrapper - Neither @ContextConfiguration nor @ContextHierarchy found for test class [hello.SampleRestControllerDocsTests], using SpringBootContextLoader
19:34:43.823 [Test worker] DEBUG org.springframework.test.context.support.AbstractContextLoader - Did not detect default resource location for test class [hello.SampleRestControllerDocsTests]: class path resource [hello/SampleRestControllerDocsTests-context.xml] does not exist
19:34:43.823 [Test worker] DEBUG org.springframework.test.context.support.AbstractContextLoader - Did not detect default resource location for test class [hello.SampleRestControllerDocsTests]: class path resource [hello/SampleRestControllerDocsTestsContext.groovy] does not exist
19:34:43.823 [Test worker] INFO org.springframework.test.context.support.AbstractContextLoader - Could not detect default resource locations for test class [hello.SampleRestControllerDocsTests]: no resource found for suffixes {-context.xml, Context.groovy}.
19:34:43.824 [Test worker] INFO org.springframework.test.context.support.AnnotationConfigContextLoaderUtils - Could not detect default configuration classes for test class [hello.SampleRestControllerDocsTests]: SampleRestControllerDocsTests does not declare any static, non-private, non-final, nested classes annotated with @Configuration.
19:34:43.854 [Test worker] DEBUG org.springframework.test.context.support.ActiveProfilesUtils - Could not find an 'annotation declaring class' for annotation type [org.springframework.test.context.ActiveProfiles] and class [hello.SampleRestControllerDocsTests]
19:34:43.859 [Test worker] DEBUG org.springframework.core.env.StandardEnvironment - Adding PropertySource 'systemProperties' with lowest search precedence
19:34:43.860 [Test worker] DEBUG org.springframework.core.env.StandardEnvironment - Adding PropertySource 'systemEnvironment' with lowest search precedence
19:34:43.860 [Test worker] DEBUG org.springframework.core.env.StandardEnvironment - Initialized StandardEnvironment with PropertySources [MapPropertySource@1935965218 {name='systemProperties', properties={java.runtime.name=Java(TM) SE Runtime Environment, sun.boot.library.path=/home/richard/.sdkman/candidates/java/8.0.161-oracle/jre/lib/amd64, java.vm.version=25.161-b12, java.vm.vendor=Oracle Corporation, java.vendor.url=http://java.oracle.com/, path.separator=:, java.vm.name=Java HotSpot(TM) 64-Bit Server VM, file.encoding.pkg=sun.io, sun.java.launcher=SUN_STANDARD, user.country=GB, sun.os.patch.level=unknown, java.vm.specification.name=Java Virtual Machine Specification, user.dir=/home/richard/workspace/workspace_spring/restDocsTest, java.runtime.version=1.8.0_161-b12, java.awt.graphicsenv=sun.awt.X11GraphicsEnvironment, java.endorsed.dirs=/home/richard/.sdkman/candidates/java/8.0.161-oracle/jre/lib/endorsed, os.arch=amd64, java.io.tmpdir=/tmp, line.separator=
, java.vm.specification.vendor=Oracle Corporation, user.variant=, os.name=Linux, sun.jnu.encoding=UTF-8, java.library.path=/usr/java/packages/lib/amd64:/usr/lib64:/lib64:/lib:/usr/lib, java.specification.name=Java Platform API Specification, java.class.version=52.0, org.gradle.native=false, sun.management.compiler=HotSpot 64-Bit Tiered Compilers, os.version=4.4.0-21-generic, user.home=/home/richard, user.timezone=Europe/London, java.awt.printerjob=sun.print.PSPrinterJob, file.encoding=UTF-8, java.specification.version=1.8, java.class.path=/home/richard/workspace/workspace_spring/restDocsTest/build/classes/java/test:/home/richard/workspace/workspace_spring/restDocsTest/build/resources/test:/home/richard/workspace/workspace_spring/restDocsTest/build/classes/java/main:/home/richard/workspace/workspace_spring/restDocsTest/build/resources/main:/home/richard/.gradle/caches/modules-2/files-2.1/org.springframework.boot/spring-boot-starter-web/2.0.1.RELEASE/88751ed76791d12425ce5a80476baf1749a44cf4/spring-boot-starter-web-2.0.1.RELEASE.jar:/home/richard/.gradle/caches/modules-2/files-2.1/org.springframework.integration/spring-integration-test/5.0.4.RELEASE/84c86457cfb053b5c99a3e48c3d715522faf8a92/spring-integration-test-5.0.4.RELEASE.jar:/home/richard/.gradle/caches/modules-2/files-2.1/org.springframework.restdocs/spring-restdocs-restassured/2.0.1.RELEASE/d0f29fb6cf47f0d4c711b51e4c4c6fdd6d14d435/spring-restdocs-restassured-2.0.1.RELEASE.jar:/home/richard/.gradle/caches/modules-2/files-2.1/io.rest-assured/rest-assured/3.1.0/8d6244fa070a8c3d19412d3c39b17ea536e36aba/rest-assured-3.1.0.jar:/home/richard/.gradle/caches/modules-2/files-2.1/pl.pragmatists/JUnitParams/1.1.1/20981e022b8d21deb374c2888bb0be5f6d371a8f/JUnitParams-1.1.1.jar:/home/richard/.gradle/caches/modules-2/files-2.1/org.springframework.restdocs/spring-restdocs-webtestclient/2.0.1.RELEASE/d89acb1d1ef3d52c2093e785222fc71334fe222c/spring-restdocs-webtestclient-2.0.1.RELEASE.jar:/home/richard/.gradle/caches/modules-2/files-2.1/org.projectreactor/reactor-spring/1.0.1.RELEASE/9e18b5acca0217976db2ecd0ee8f346ea6304d00/reactor-spring-1.0.1.RELEASE.jar:/home/richard/.gradle/caches/modules-2/files-2.1/org.springframework.boot/spring-boot-starter-webflux/2.0.1.RELEASE/521e563e885bcbbe4a9ae87d2f28b96428948565/spring-boot-starter-webflux-2.0.1.RELEASE.jar:/home/richard/.gradle/caches/modules-2/files-2.1/org.springframework.boot/spring-boot-starter-test/2.0.1.RELEASE/d6204ede44fa7e1df01d25509837bfa4b767fa28/spring-boot-starter-test-2.0.1.RELEASE.jar:/home/richard/.gradle/caches/modules-2/files-2.1/org.springframework.restdocs/spring-restdocs-mockmvc/2.0.1.RELEASE/707280ec69ef6698e8d1bea87d24db5cdea16ac8/spring-restdocs-mockmvc-2.0.1.RELEASE.jar:/home/richard/.gradle/caches/modules-2/files-2.1/org.springframework.integration/spring-integration-test-support/5.0.4.RELEASE/df2b3e2569bbab68fca83d0fe6f6c2c7298bbda8/spring-integration-test-support-5.0.4.RELEASE.jar:/home/richard/.gradle/caches/modules-2/files-2.1/org.springframework/spring-test/5.0.1.RELEASE/47dee3bebbcbcaff1be786b6c0db654ba7376eb9/spring-test-5.0.1.RELEASE.jar:/home/richard/.gradle/caches/modules-2/files-2.1/org.springframework.boot/spring-boot-starter-json/2.0.1.RELEASE/f2e1aeeb1ac02bfa1b4f7254633484af1866fc65/spring-boot-starter-json-2.0.1.RELEASE.jar:/home/richard/.gradle/caches/modules-2/files-2.1/org.springframework.boot/spring-boot-starter/2.0.1.RELEASE/33abc1286b0aabea4f08ff4285d09e587835a716/spring-boot-starter-2.0.1.RELEASE.jar:/home/richard/.gradle/caches/modules-2/files-2.1/org.springframework.boot/spring-boot-starter-tomcat/2.0.1.RELEASE/4b46f4aaff6c8a5a1c8184996d5e9e8a9354db8d/spring-boot-starter-tomcat-2.0.1.RELEASE.jar:/home/richard/.gradle/caches/modules-2/files-2.1/org.hibernate.validator/hibernate-validator/6.0.9.Final/b149e4cce82379f11f6129eb3187ca8ae5404005/hibernate-validator-6.0.9.Final.jar:/home/richard/.gradle/caches/modules-2/files-2.1/org.springframework/spring-webmvc/5.0.5.RELEASE/a7fd53c7ad06b0fa7dd4ff347de1b2dc508739e/spring-webmvc-5.0.5.RELEASE.jar:/home/richard/.gradle/caches/modules-2/files-2.1/org.springframework.restdocs/spring-restdocs-core/2.0.1.RELEASE/3aefa222a332450b32e1281411794361996934ef/spring-restdocs-core-2.0.1.RELEASE.jar:/home/richard/.gradle/caches/modules-2/files-2.1/org.springframework/spring-webflux/5.0.5.RELEASE/17cfbf7e5314bb2e8176f45443131ff565beb5e4/spring-webflux-5.0.5.RELEASE.jar:/home/richard/.gradle/caches/modules-2/files-2.1/org.springframework/spring-web/5.0.5.RELEASE/d51dbb5cabe72ae02e400577bac48f7fc94088de/spring-web-5.0.5.RELEASE.jar:/home/richard/.gradle/caches/modules-2/files-2.1/org.springframework.integration/spring-integration-core/5.0.4.RELEASE/40b9d49d62d317eee0c271cbfcc7dee2b56b2faa/spring-integration-core-5.0.4.RELEASE.jar:/home/richard/.gradle/caches/modules-2/files-2.1/io.rest-assured/xml-path/3.0.7/175683707be16e97bf2955bc6a5ca9c4407f084b/xml-path-3.0.7.jar:/home/richard/.gradle/caches/modules-2/files-2.1/org.codehaus.groovy/groovy-xml/2.4.15/40865f59469e6b0808c9c304bd17038997220c72/groovy-xml-2.4.15.jar:/home/richard/.gradle/caches/modules-2/files-2.1/io.rest-assured/json-path/3.0.7/b88986affb0a464b65facb734065e36a500d0cd/json-path-3.0.7.jar:/home/richard/.gradle/caches/modules-2/files-2.1/org.codehaus.groovy/groovy-json/2.4.15/f6f6890181821246398cd44ba1fdf74f55717697/groovy-json-2.4.15.jar:/home/richard/.gradle/caches/modules-2/files-2.1/io.rest-assured/rest-assured-common/3.0.7/db26519055c660180c654dc6b239445865a27281/rest-assured-common-3.0.7.jar:/home/richard/.gradle/caches/modules-2/files-2.1/org.codehaus.groovy/groovy/2.4.15/74b7e0b99526c569e3a59cb84dbcc6204d601ee6/groovy-2.4.15.jar:/home/richard/.gradle/caches/modules-2/files-2.1/org.apache.httpcomponents/httpmime/4.5.5/8281b24b8a493374cd2aa8a90c4156588f7dbcb6/httpmime-4.5.5.jar:/home/richard/.gradle/caches/modules-2/files-2.1/org.apache.httpcomponents/httpclient/4.5.5/1603dfd56ebcd583ccdf337b6c3984ac55d89e58/httpclient-4.5.5.jar:/home/richard/.gradle/caches/modules-2/files-2.1/org.hamcrest/hamcrest-library/1.3/4785a3c21320980282f9f33d0d1264a69040538f/hamcrest-library-1.3.jar:/home/richard/.gradle/caches/modules-2/files-2.1/junit/junit/4.12/2973d150c0dc1fefe998f834810d68f278ea58ec/junit-4.12.jar:/home/richard/.gradle/caches/modules-2/files-2.1/org.hamcrest/hamcrest-core/1.3/42a25dc3219429f0e5d060061f71acb49bf010a0/hamcrest-core-1.3.jar:/home/richard/.gradle/caches/modules-2/files-2.1/org.ccil.cowan.tagsoup/tagsoup/1.2.1/5584627487e984c03456266d3f8802eb85a9ce97/tagsoup-1.2.1.jar:/home/richard/.gradle/caches/modules-2/files-2.1/com.jayway.jsonpath/json-path/2.4.0/765a4401ceb2dc8d40553c2075eb80a8fa35c2ae/json-path-2.4.0.jar:/home/richard/.gradle/caches/modules-2/files-2.1/org.projectreactor/reactor-core/1.0.1.RELEASE/32ba82f726617df92d0b871ecbefe081b30a900a/reactor-core-1.0.1.RELEASE.jar:/home/richard/.gradle/caches/modules-2/files-2.1/org.synchronoss.cloud/nio-multipart-parser/1.1.0/c6c417fec6612584b1c34d4dd98c5a4e47e8c754/nio-multipart-parser-1.1.0.jar:/home/richard/.gradle/caches/modules-2/files-2.1/org.synchronoss.cloud/nio-stream-storage/1.1.3/986dba5f6e5eed20f0dba6ddc8e8a64a9ebdc2f3/nio-stream-storage-1.1.3.jar:/home/richard/.gradle/caches/modules-2/files-2.1/org.springframework.boot/spring-boot-starter-logging/2.0.1.RELEASE/10681a28c95e9f9c0159327a1ed0c860517c7ad7/spring-boot-starter-logging-2.0.1.RELEASE.jar:/home/richard/.gradle/caches/modules-2/files-2.1/ch.qos.logback/logback-classic/1.2.3/7c4f3c474fb2c041d8028740440937705ebb473a/logback-classic-1.2.3.jar:/home/richard/.gradle/caches/modules-2/files-2.1/org.apache.logging.log4j/log4j-to-slf4j/2.10.0/f7e631ccf49cfc0aefa4a2a728da7d374c05bd3c/log4j-to-slf4j-2.10.0.jar:/home/richard/.gradle/caches/modules-2/files-2.1/org.slf4j/jul-to-slf4j/1.7.25/af5364cd6679bfffb114f0dec8a157aaa283b76/jul-to-slf4j-1.7.25.jar:/home/richard/.gradle/caches/modules-2/files-2.1/org.slf4j/slf4j-api/1.7.25/da76ca59f6a57ee3102f8f9bd9cee742973efa8a/slf4j-api-1.7.25.jar:/home/richard/.gradle/caches/modules-2/files-2.1/org.springframework/spring-context-support/5.0.5.RELEASE/109c6bf2e869f055728219b361c78102de434158/spring-context-support-5.0.5.RELEASE.jar:/home/richard/.gradle/caches/modules-2/files-2.1/org.springframework.boot/spring-boot-test-autoconfigure/2.0.1.RELEASE/c7a68c07f2a04323a67740f91d20818ec2e783b3/spring-boot-test-autoconfigure-2.0.1.RELEASE.jar:/home/richard/.gradle/caches/modules-2/files-2.1/org.springframework.boot/spring-boot-test/2.0.1.RELEASE/77cede07b0e9da6c87d0dabcfe3e53ac56747d73/spring-boot-test-2.0.1.RELEASE.jar:/home/richard/.gradle/caches/modules-2/files-2.1/org.springframework.boot/spring-boot-autoconfigure/2.0.1.RELEASE/b0bf9d34ed70c6987a86cd58a009065e5fa02545/spring-boot-autoconfigure-2.0.1.RELEASE.jar:/home/richard/.gradle/caches/modules-2/files-2.1/org.springframework.boot/spring-boot/2.0.1.RELEASE/b8c5b14cbb0e52fdded8f98a8c1493cc74c7cf59/spring-boot-2.0.1.RELEASE.jar:/home/richard/.gradle/caches/modules-2/files-2.1/org.springframework/spring-context/5.0.5.RELEASE/9cca4bf5acb693249a01c218f471c677b951d6e2/spring-context-5.0.5.RELEASE.jar:/home/richard/.gradle/caches/modules-2/files-2.1/org.springframework/spring-tx/5.0.5.RELEASE/b772fbba533da282adc89f33e2619ee8a8bba601/spring-tx-5.0.5.RELEASE.jar:/home/richard/.gradle/caches/modules-2/files-2.1/org.springframework/spring-aop/5.0.5.RELEASE/b11b61b94d7fb752a1c9bf3461d655c3084fae47/spring-aop-5.0.5.RELEASE.jar:/home/richard/.gradle/caches/modules-2/files-2.1/org.springframework/spring-messaging/5.0.5.RELEASE/9429853341e4206640e11125db854b5708dd0a38/spring-messaging-5.0.5.RELEASE.jar:/home/richard/.gradle/caches/modules-2/files-2.1/org.springframework/spring-beans/5.0.5.RELEASE/984445863c0bbdaaf860615762d998b471a6bf92/spring-beans-5.0.5.RELEASE.jar:/home/richard/.gradle/caches/modules-2/files-2.1/org.springframework/spring-expression/5.0.5.RELEASE/fc6c7a95aeb7d00f4c65c338b08d97767eb0dd99/spring-expression-5.0.5.RELEASE.jar:/home/richard/.gradle/caches/modules-2/files-2.1/org.springframework/spring-core/5.0.5.RELEASE/1bd9feb1d9dac6accd27f5244b6c47cfcb55045c/spring-core-5.0.5.RELEASE.jar:/home/richard/.gradle/caches/modules-2/files-2.1/org.springframework.boot/spring-boot-starter-reactor-netty/2.0.1.RELEASE/36ad0a17391082ea9aab1d35c827af6f16379abd/spring-boot-starter-reactor-netty-2.0.1.RELEASE.jar:/home/richard/.gradle/caches/modules-2/files-2.1/org.assertj/assertj-core/3.9.1/c5ce126b15f28d56cd8f960c1a6a058b9c9aea87/assertj-core-3.9.1.jar:/home/richard/.gradle/caches/modules-2/files-2.1/org.mockito/mockito-core/2.15.0/b84bfbbc29cd22c9529409627af6ea2897f4fa85/mockito-core-2.15.0.jar:/home/richard/.gradle/caches/modules-2/files-2.1/org.skyscreamer/jsonassert/1.5.0/6c9d5fe2f59da598d9aefc1cfc6528ff3cf32df3/jsonassert-1.5.0.jar:/home/richard/.gradle/caches/modules-2/files-2.1/org.xmlunit/xmlunit-core/2.5.1/4ffdb346572a7356f7521cd3119ce5287d2e339d/xmlunit-core-2.5.1.jar:/home/richard/.gradle/caches/modules-2/files-2.1/javax.servlet/javax.servlet-api/3.1.0/3cd63d075497751784b2fa84be59432f4905bf7c/javax.servlet-api-3.1.0.jar:/home/richard/.gradle/caches/modules-2/files-2.1/javax.annotation/javax.annotation-api/1.3.2/934c04d3cfef185a8008e7bf34331b79730a9d43/javax.annotation-api-1.3.2.jar:/home/richard/.gradle/caches/modules-2/files-2.1/org.yaml/snakeyaml/1.19/2d998d3d674b172a588e54ab619854d073f555b5/snakeyaml-1.19.jar:/home/richard/.gradle/caches/modules-2/files-2.1/com.fasterxml.jackson.datatype/jackson-datatype-jdk8/2.9.5/23e37f085279ba316c0df923513b81609e1d1f6/jackson-datatype-jdk8-2.9.5.jar:/home/richard/.gradle/caches/modules-2/files-2.1/com.fasterxml.jackson.datatype/jackson-datatype-jsr310/2.9.5/d1f0d11e816bc04e222a261106ca138801841c2d/jackson-datatype-jsr310-2.9.5.jar:/home/richard/.gradle/caches/modules-2/files-2.1/com.fasterxml.jackson.module/jackson-module-parameter-names/2.9.5/f824c60751ffb7bfc3a0d30dfe0e42317d8e67f5/jackson-module-parameter-names-2.9.5.jar:/home/richard/.gradle/caches/modules-2/files-2.1/com.fasterxml.jackson.core/jackson-databind/2.9.5/3490508379d065fe3fcb80042b62f630f7588606/jackson-databind-2.9.5.jar:/home/richard/.gradle/caches/modules-2/files-2.1/org.apache.tomcat.embed/tomcat-embed-websocket/8.5.29/37786f4ca8a1597a91a0f437e659a76d1fcc5bf1/tomcat-embed-websocket-8.5.29.jar:/home/richard/.gradle/caches/modules-2/files-2.1/org.apache.tomcat.embed/tomcat-embed-core/8.5.29/51eac5adde4bc019261b787cb99e5548206908e6/tomcat-embed-core-8.5.29.jar:/home/richard/.gradle/caches/modules-2/files-2.1/org.apache.tomcat.embed/tomcat-embed-el/8.5.29/893fb2c87ec1aa248a7911d76c0c06b3fca6bc9b/tomcat-embed-el-8.5.29.jar:/home/richard/.gradle/caches/modules-2/files-2.1/javax.validation/validation-api/2.0.1.Final/cb855558e6271b1b32e716d24cb85c7f583ce09e/validation-api-2.0.1.Final.jar:/home/richard/.gradle/caches/modules-2/files-2.1/org.jboss.logging/jboss-logging/3.3.2.Final/3789d00e859632e6c6206adc0c71625559e6e3b0/jboss-logging-3.3.2.Final.jar:/home/richard/.gradle/caches/modules-2/files-2.1/com.fasterxml/classmate/1.3.4/3d5f48f10bbe4eb7bd862f10c0583be2e0053c6/classmate-1.3.4.jar:/home/richard/.gradle/caches/modules-2/files-2.1/org.springframework.retry/spring-retry/1.2.2.RELEASE/638928732585c450e461f0a132b6834ad7cf3af0/spring-retry-1.2.2.RELEASE.jar:/home/richard/.gradle/caches/modules-2/files-2.1/io.projectreactor.ipc/reactor-netty/0.7.6.RELEASE/d425f9c97d7e73f163b5c0d4ae0f8ac9a38a0cb3/reactor-netty-0.7.6.RELEASE.jar:/home/richard/.gradle/caches/modules-2/files-2.1/io.projectreactor/reactor-core/3.1.6.RELEASE/64dfad0f0a0e9022c949d678106d53f083b66d05/reactor-core-3.1.6.RELEASE.jar:/home/richard/.gradle/caches/modules-2/files-2.1/org.apache.httpcomponents/httpcore/4.4.9/a86ce739e5a7175b4b234c290a00a5fdb80957a0/httpcore-4.4.9.jar:/home/richard/.gradle/caches/modules-2/files-2.1/commons-codec/commons-codec/1.11/3acb4705652e16236558f0f4f2192cc33c3bd189/commons-codec-1.11.jar:/home/richard/.gradle/caches/modules-2/files-2.1/org.apache.commons/commons-lang3/3.7/557edd918fd41f9260963583ebf5a61a43a6b423/commons-lang3-3.7.jar:/home/richard/.gradle/caches/modules-2/files-2.1/javax.xml.bind/jaxb-api/2.3.0/99f802e0cb3e953ba3d6e698795c4aeb98d37c48/jaxb-api-2.3.0.jar:/home/richard/.gradle/caches/modules-2/files-2.1/net.minidev/json-smart/2.3/7396407491352ce4fa30de92efb158adb76b5b/json-smart-2.3.jar:/home/richard/.gradle/caches/modules-2/files-2.1/com.lmax/disruptor/3.2.0/ac62995678dd4b906e85b26354aa2ebfda130c32/disruptor-3.2.0.jar:/home/richard/.gradle/caches/modules-2/files-2.1/org.springframework/spring-jcl/5.0.5.RELEASE/f4a2854b9d865e8b86717595aec16f877f8c6489/spring-jcl-5.0.5.RELEASE.jar:/home/richard/.gradle/caches/modules-2/files-2.1/net.bytebuddy/byte-buddy/1.7.11/f02857a4e2c66ccbe7aaad6100a0a6c461bce9b3/byte-buddy-1.7.11.jar:/home/richard/.gradle/caches/modules-2/files-2.1/net.bytebuddy/byte-buddy-agent/1.7.11/b425a8933ca07edd03c6dbc8bc3b595fba9780de/byte-buddy-agent-1.7.11.jar:/home/richard/.gradle/caches/modules-2/files-2.1/org.objenesis/objenesis/2.6/639033469776fd37c08358c6b92a4761feb2af4b/objenesis-2.6.jar:/home/richard/.gradle/caches/modules-2/files-2.1/com.vaadin.external.google/android-json/0.0.20131108.vaadin1/fa26d351fe62a6a17f5cda1287c1c6110dec413f/android-json-0.0.20131108.vaadin1.jar:/home/richard/.gradle/caches/modules-2/files-2.1/com.fasterxml.jackson.core/jackson-annotations/2.9.0/7c10d545325e3a6e72e06381afe469fd40eb701/jackson-annotations-2.9.0.jar:/home/richard/.gradle/caches/modules-2/files-2.1/com.fasterxml.jackson.core/jackson-core/2.9.5/a22ac51016944b06fd9ffbc9541c6e7ce5eea117/jackson-core-2.9.5.jar:/home/richard/.gradle/caches/modules-2/files-2.1/org.reactivestreams/reactive-streams/1.0.2/323964c36556eb0e6209f65c1cef72b53b461ab8/reactive-streams-1.0.2.jar:/home/richard/.gradle/caches/modules-2/files-2.1/net.minidev/accessors-smart/1.2/c592b500269bfde36096641b01238a8350f8aa31/accessors-smart-1.2.jar:/home/richard/.gradle/caches/modules-2/files-2.1/io.netty/netty-handler-proxy/4.1.23.Final/9da61616993d003fbf684e06542b68aa8d93abee/netty-handler-proxy-4.1.23.Final.jar:/home/richard/.gradle/caches/modules-2/files-2.1/io.netty/netty-codec-http/4.1.23.Final/47cc15932619fd831aaa67fb0968532636ab435a/netty-codec-http-4.1.23.Final.jar:/home/richard/.gradle/caches/modules-2/files-2.1/io.netty/netty-handler/4.1.23.Final/a6314d244dd11db14249dc2d492e8dd3eec4cdb1/netty-handler-4.1.23.Final.jar:/home/richard/.gradle/caches/modules-2/files-2.1/io.netty/netty-transport-native-epoll/4.1.23.Final/8a8ad56081c66bb74362d5cc0a3cd620874ef1da/netty-transport-native-epoll-4.1.23.Final.jar:/home/richard/.gradle/caches/modules-2/files-2.1/ch.qos.logback/logback-core/1.2.3/864344400c3d4d92dfeb0a305dc87d953677c03c/logback-core-1.2.3.jar:/home/richard/.gradle/caches/modules-2/files-2.1/org.apache.logging.log4j/log4j-api/2.10.0/fec5797a55b786184a537abd39c3fa1449d752d6/log4j-api-2.10.0.jar:/home/richard/.gradle/caches/modules-2/files-2.1/org.ow2.asm/asm/5.0.4/da08b8cce7bbf903602a25a3a163ae252435795/asm-5.0.4.jar:/home/richard/.gradle/caches/modules-2/files-2.1/io.netty/netty-codec-socks/4.1.23.Final/db99145403f5e375faa347f8bd150c2079833a55/netty-codec-socks-4.1.23.Final.jar:/home/richard/.gradle/caches/modules-2/files-2.1/io.netty/netty-codec/4.1.23.Final/d6599803bfefbe9a3e226702faade5df0cb678d1/netty-codec-4.1.23.Final.jar:/home/richard/.gradle/caches/modules-2/files-2.1/io.netty/netty-transport-native-unix-common/4.1.23.Final/acb1d48526d42a0376852d1c242d48112123e745/netty-transport-native-unix-common-4.1.23.Final.jar:/home/richard/.gradle/caches/modules-2/files-2.1/io.netty/netty-transport/4.1.23.Final/80dfcc723083e23058878ddbc33f5fb0ce9ec9e9/netty-transport-4.1.23.Final.jar:/home/richard/.gradle/caches/modules-2/files-2.1/io.netty/netty-buffer/4.1.23.Final/c6c0705bbd5d68aebc2d5fdd48e9dda8a8ad6d3/netty-buffer-4.1.23.Final.jar:/home/richard/.gradle/caches/modules-2/files-2.1/io.netty/netty-resolver/4.1.23.Final/19adaf9ad6833da7506cdccc7c6d16952f366fa5/netty-resolver-4.1.23.Final.jar:/home/richard/.gradle/caches/modules-2/files-2.1/io.netty/netty-common/4.1.23.Final/387b1b9d0441646a5cf84eace2b3e15dd07aca47/netty-common-4.1.23.Final.jar, user.name=richard, java.vm.specification.version=1.8, sun.java.command=worker.org.gradle.process.internal.worker.GradleWorkerMain 'Gradle Test Executor 1', java.home=/home/richard/.sdkman/candidates/java/8.0.161-oracle/jre, sun.arch.data.model=64, user.language=en, java.specification.vendor=Oracle Corporation, awt.toolkit=sun.awt.X11.XToolkit, java.vm.info=mixed mode, java.version=1.8.0_161, java.ext.dirs=/home/richard/.sdkman/candidates/java/8.0.161-oracle/jre/lib/ext:/usr/java/packages/lib/ext, sun.boot.class.path=/home/richard/.sdkman/candidates/java/8.0.161-oracle/jre/lib/resources.jar:/home/richard/.sdkman/candidates/java/8.0.161-oracle/jre/lib/rt.jar:/home/richard/.sdkman/candidates/java/8.0.161-oracle/jre/lib/sunrsasign.jar:/home/richard/.sdkman/candidates/java/8.0.161-oracle/jre/lib/jsse.jar:/home/richard/.sdkman/candidates/java/8.0.161-oracle/jre/lib/jce.jar:/home/richard/.sdkman/candidates/java/8.0.161-oracle/jre/lib/charsets.jar:/home/richard/.sdkman/candidates/java/8.0.161-oracle/jre/lib/jfr.jar:/home/richard/.sdkman/candidates/java/8.0.161-oracle/jre/classes, java.vendor=Oracle Corporation, org.gradle.test.worker=1, file.separator=/, java.vendor.url.bug=http://bugreport.sun.com/bugreport/, sun.io.unicode.encoding=UnicodeLittle, sun.cpu.endian=little, sun.cpu.isalist=}}, SystemEnvironmentPropertySource@477023475 {name='systemEnvironment', properties={PATH=/home/richard/bin:/home/richard/.sdkman/candidates/visualvm/current/bin:/home/richard/.sdkman/candidates/vertx/current/bin:/home/richard/.sdkman/candidates/maven/current/bin:/home/richard/.sdkman/candidates/java/current/bin:/home/richard/.sdkman/candidates/groovy/current/bin:/home/richard/.sdkman/candidates/gradle/current/bin:/home/richard/bin:/usr/local/sbin:/usr/local/bin:/usr/sbin:/usr/bin:/sbin:/bin:/usr/games:/usr/local/games:/snap/bin, XAUTHORITY=/tmp/xauth-1000-_0, SDKMAN_VERSION=5.6.3+299, XDG_DATA_DIRS=/usr/share//usr/share/xsessions/plasma:/usr/local/share:/usr/share:/var/lib/snapd/desktop, MANDATORY_PATH=/usr/share/gconf//usr/share/xsessions/plasma.mandatory.path, VERTX_HOME=/home/richard/.sdkman/candidates/vertx/current, DBUS_SESSION_BUS_ADDRESS=unix:abstract=/tmp/dbus-Z5Cov5wRm9,guid=c256b4ea015448446b64d7e75af2e778, DEFAULTS_PATH=/usr/share/gconf//usr/share/xsessions/plasma.default.path, XDG_CURRENT_DESKTOP=KDE, QT_AUTO_SCREEN_SCALE_FACTOR=0, MAVEN_HOME=/home/richard/.sdkman/candidates/maven/current, SSH_AGENT_PID=3529, SDKMAN_DIR=/home/richard/.sdkman, SESSION_MANAGER=local/richard-ThinkPad-T470-W10DG:@/tmp/.ICE-unix/3673,unix/richard-ThinkPad-T470-W10DG:/tmp/.ICE-unix/3673, QT_LINUX_ACCESSIBILITY_ALWAYS_ON=1, LOGNAME=richard, PWD=/home/richard/workspace/workspace_spring/restDocsTest, PAM_KWALLET5_LOGIN=/tmp/kwallet5_richard.socket, XCURSOR_THEME=DMZ-Black, LANGUAGE=en_GB:en, KDE_SESSION_VERSION=5, SHELL=/bin/bash, LESSOPEN=| /usr/bin/lesspipe %s, OLDPWD=/home/richard/.sdkman/candidates/gradle/current, KDE_MULTIHEAD=false, KDE_FULL_SESSION=true, VISUALVM_HOME=/home/richard/.sdkman/candidates/visualvm/current, GTK_MODULES=gail:atk-bridge, XDG_SESSION_PATH=/org/freedesktop/DisplayManager/Session1, XDG_SESSION_COOKIE=c530b1ba7f0f4d138516ac1680333ced-1525868408.862852-1722298359, XDG_SESSION_DESKTOP=KDE, LS_COLORS=rs=0:di=01;34:ln=01;36:mh=00:pi=40;33:so=01;35:do=01;35:bd=40;33;01:cd=40;33;01:or=40;31;01:mi=00:su=37;41:sg=30;43:ca=30;41:tw=30;42:ow=34;42:st=37;44:ex=01;32:*.tar=01;31:*.tgz=01;31:*.arc=01;31:*.arj=01;31:*.taz=01;31:*.lha=01;31:*.lz4=01;31:*.lzh=01;31:*.lzma=01;31:*.tlz=01;31:*.txz=01;31:*.tzo=01;31:*.t7z=01;31:*.zip=01;31:*.z=01;31:*.Z=01;31:*.dz=01;31:*.gz=01;31:*.lrz=01;31:*.lz=01;31:*.lzo=01;31:*.xz=01;31:*.bz2=01;31:*.bz=01;31:*.tbz=01;31:*.tbz2=01;31:*.tz=01;31:*.deb=01;31:*.rpm=01;31:*.jar=01;31:*.war=01;31:*.ear=01;31:*.sar=01;31:*.rar=01;31:*.alz=01;31:*.ace=01;31:*.zoo=01;31:*.cpio=01;31:*.7z=01;31:*.rz=01;31:*.cab=01;31:*.jpg=01;35:*.jpeg=01;35:*.gif=01;35:*.bmp=01;35:*.pbm=01;35:*.pgm=01;35:*.ppm=01;35:*.tga=01;35:*.xbm=01;35:*.xpm=01;35:*.tif=01;35:*.tiff=01;35:*.png=01;35:*.svg=01;35:*.svgz=01;35:*.mng=01;35:*.pcx=01;35:*.mov=01;35:*.mpg=01;35:*.mpeg=01;35:*.m2v=01;35:*.mkv=01;35:*.webm=01;35:*.ogm=01;35:*.mp4=01;35:*.m4v=01;35:*.mp4v=01;35:*.vob=01;35:*.qt=01;35:*.nuv=01;35:*.wmv=01;35:*.asf=01;35:*.rm=01;35:*.rmvb=01;35:*.flc=01;35:*.avi=01;35:*.fli=01;35:*.flv=01;35:*.gl=01;35:*.dl=01;35:*.xcf=01;35:*.xwd=01;35:*.yuv=01;35:*.cgm=01;35:*.emf=01;35:*.ogv=01;35:*.ogx=01;35:*.aac=00;36:*.au=00;36:*.flac=00;36:*.m4a=00;36:*.mid=00;36:*.midi=00;36:*.mka=00;36:*.mp3=00;36:*.mpc=00;36:*.ogg=00;36:*.ra=00;36:*.wav=00;36:*.oga=00;36:*.opus=00;36:*.spx=00;36:*.xspf=00;36:, SDKMAN_CURRENT_API=https://api.sdkman.io/2, SHLVL=1, PAM_KWALLET_LOGIN=/tmp/kwallet_richard.socket, LESSCLOSE=/usr/bin/lesspipe %s %s, JAVA_HOME=/home/richard/.sdkman/candidates/java/current, KDE_SESSION_UID=1000, TERM=xterm-256color, XDG_CONFIG_DIRS=/etc/xdg/xdg-/usr/share/xsessions/plasma:/etc/xdg:/usr/share/mint-artwork-kde/kf5-settings:/usr/share/mint-artwork-kde/kde4-profile/default/config, LANG=en_GB.UTF-8, XDG_SEAT_PATH=/org/freedesktop/DisplayManager/Seat0, XDG_SESSION_ID=2, XDG_SESSION_TYPE=x11, GRADLE_HOME=/home/richard/.sdkman/candidates/gradle/current, GROOVY_HOME=/home/richard/.sdkman/candidates/groovy/current, DISPLAY=:0, GTK_RC_FILES=/etc/gtk/gtkrc:/home/richard/.gtkrc:/home/richard/.config/gtkrc, SDKMAN_CANDIDATES_DIR=/home/richard/.sdkman/candidates, XDG_SESSION_CLASS=user, _=/home/richard/.sdkman/candidates/gradle/current/bin/gradle, SDKMAN_LEGACY_API=https://api.sdkman.io/1, XCURSOR_SIZE=24, DESKTOP_SESSION=/usr/share/xsessions/plasma, SDKMAN_PLATFORM=Linux64, USER=richard, DESKTOP_STARTUP_ID=richard-ThinkPad-T470-W10DG;1525868434;720749;3646_TIME36042, GTK2_RC_FILES=/etc/gtk-2.0/gtkrc:/home/richard/.gtkrc-2.0:/home/richard/.config/gtkrc-2.0, QT_ACCESSIBILITY=1, SSH_AUTH_SOCK=/tmp/ssh-QPuX9F33Tmm7/agent.3478, XDG_SEAT=seat0, GS_LIB=/home/richard/.fonts, XDG_VTNR=7, XDG_RUNTIME_DIR=/run/user/1000, HOME=/home/richard}}]
19:34:43.871 [Test worker] DEBUG org.springframework.core.io.support.PathMatchingResourcePatternResolver - Resolved classpath location [hello/] to resources [URL [file:/home/richard/workspace/workspace_spring/restDocsTest/build/classes/java/test/hello/], URL [file:/home/richard/workspace/workspace_spring/restDocsTest/build/classes/java/main/hello/]]
19:34:43.871 [Test worker] DEBUG org.springframework.core.io.support.PathMatchingResourcePatternResolver - Looking for matching resources in directory tree [/home/richard/workspace/workspace_spring/restDocsTest/build/classes/java/test/hello]
19:34:43.871 [Test worker] DEBUG org.springframework.core.io.support.PathMatchingResourcePatternResolver - Searching directory [/home/richard/workspace/workspace_spring/restDocsTest/build/classes/java/test/hello] for files matching pattern [/home/richard/workspace/workspace_spring/restDocsTest/build/classes/java/test/hello/*.class]
19:34:43.874 [Test worker] DEBUG org.springframework.core.io.support.PathMatchingResourcePatternResolver - Looking for matching resources in directory tree [/home/richard/workspace/workspace_spring/restDocsTest/build/classes/java/main/hello]
19:34:43.874 [Test worker] DEBUG org.springframework.core.io.support.PathMatchingResourcePatternResolver - Searching directory [/home/richard/workspace/workspace_spring/restDocsTest/build/classes/java/main/hello] for files matching pattern [/home/richard/workspace/workspace_spring/restDocsTest/build/classes/java/main/hello/*.class]
19:34:43.875 [Test worker] DEBUG org.springframework.core.io.support.PathMatchingResourcePatternResolver - Resolved location pattern [classpath*:hello/*.class] to resources [file [/home/richard/workspace/workspace_spring/restDocsTest/build/classes/java/test/hello/ApplicationTest.class], file [/home/richard/workspace/workspace_spring/restDocsTest/build/classes/java/test/hello/SampleRestControllerDocsTests.class], file [/home/richard/workspace/workspace_spring/restDocsTest/build/classes/java/test/hello/WebLayerTest.class], file [/home/richard/workspace/workspace_spring/restDocsTest/build/classes/java/test/hello/WebTest.class], file [/home/richard/workspace/workspace_spring/restDocsTest/build/classes/java/main/hello/Application.class], file [/home/richard/workspace/workspace_spring/restDocsTest/build/classes/java/main/hello/HelloController.class]]
19:34:43.925 [Test worker] DEBUG org.springframework.context.annotation.ClassPathScanningCandidateComponentProvider - Identified candidate component class: file [/home/richard/workspace/workspace_spring/restDocsTest/build/classes/java/main/hello/Application.class]
19:34:43.932 [Test worker] INFO org.springframework.boot.test.context.SpringBootTestContextBootstrapper - Found @SpringBootConfiguration hello.Application for test class hello.SampleRestControllerDocsTests
19:34:44.036 [Test worker] DEBUG org.springframework.boot.test.context.SpringBootTestContextBootstrapper - @TestExecutionListeners is not present for class [hello.SampleRestControllerDocsTests]: using defaults.
19:34:44.037 [Test worker] INFO org.springframework.boot.test.context.SpringBootTestContextBootstrapper - Loaded default TestExecutionListener class names from location [META-INF/spring.factories]: [org.springframework.test.context.web.ServletTestExecutionListener, org.springframework.test.context.support.DirtiesContextBeforeModesTestExecutionListener, org.springframework.test.context.support.DependencyInjectionTestExecutionListener, org.springframework.test.context.support.DirtiesContextTestExecutionListener, org.springframework.test.context.transaction.TransactionalTestExecutionListener, org.springframework.test.context.jdbc.SqlScriptsTestExecutionListener, org.springframework.boot.test.autoconfigure.restdocs.RestDocsTestExecutionListener, org.springframework.boot.test.autoconfigure.web.client.MockRestServiceServerResetTestExecutionListener, org.springframework.boot.test.autoconfigure.web.servlet.MockMvcPrintOnlyOnFailureTestExecutionListener, org.springframework.boot.test.autoconfigure.web.servlet.WebDriverTestExecutionListener, org.springframework.boot.test.mock.mockito.MockitoTestExecutionListener, org.springframework.boot.test.mock.mockito.ResetMocksTestExecutionListener]
19:34:44.109 [Test worker] INFO org.springframework.boot.test.context.SpringBootTestContextBootstrapper - Using TestExecutionListeners: [org.springframework.test.context.web.ServletTestExecutionListener@101cb143, org.springframework.test.context.support.DirtiesContextBeforeModesTestExecutionListener@52f7b7ae, org.springframework.boot.test.mock.mockito.MockitoTestExecutionListener@3abdb539, org.springframework.boot.test.autoconfigure.SpringBootDependencyInjectionTestExecutionListener@409b54f2, org.springframework.test.context.support.DirtiesContextTestExecutionListener@35f8730b, org.springframework.test.context.transaction.TransactionalTestExecutionListener@5addf8dd, org.springframework.test.context.jdbc.SqlScriptsTestExecutionListener@d9e9ac2, org.springframework.boot.test.autoconfigure.web.client.MockRestServiceServerResetTestExecutionListener@17b86347, org.springframework.boot.test.autoconfigure.restdocs.RestDocsTestExecutionListener@612e2a90, org.springframework.boot.test.mock.mockito.ResetMocksTestExecutionListener@54803d78, org.springframework.boot.test.autoconfigure.web.servlet.WebDriverTestExecutionListener@2d31f5a0, org.springframework.boot.test.autoconfigure.web.servlet.MockMvcPrintOnlyOnFailureTestExecutionListener@7947191a]
19:34:44.110 [Test worker] DEBUG org.springframework.test.annotation.ProfileValueUtils - Retrieved @ProfileValueSourceConfiguration [null] for test class [hello.SampleRestControllerDocsTests]
19:34:44.110 [Test worker] DEBUG org.springframework.test.annotation.ProfileValueUtils - Retrieved ProfileValueSource type [class org.springframework.test.annotation.SystemProfileValueSource] for class [hello.SampleRestControllerDocsTests]
19:34:44.113 [Test worker] DEBUG org.springframework.test.context.support.AbstractDirtiesContextTestExecutionListener - Before test class: context [DefaultTestContext@21404a08 testClass = SampleRestControllerDocsTests, testInstance = [null], testMethod = [null], testException = [null], mergedContextConfiguration = [WebMergedContextConfiguration@572c030d testClass = SampleRestControllerDocsTests, locations = '{}', classes = '{class hello.Application}', contextInitializerClasses = '[]', activeProfiles = '{}', propertySourceLocations = '{}', propertySourceProperties = '{org.springframework.boot.test.context.SpringBootTestContextBootstrapper=true, server.port=0}', contextCustomizers = set[org.springframework.boot.test.autoconfigure.properties.PropertyMappingContextCustomizer@0, org.springframework.boot.test.autoconfigure.web.servlet.WebDriverContextCustomizerFactory$Customizer@64b5c4c3, org.springframework.boot.test.context.filter.ExcludeFilterContextCustomizer@1722b117, org.springframework.boot.test.json.DuplicateJsonObjectContextCustomizerFactory$DuplicateJsonObjectContextCustomizer@42de9192, org.springframework.boot.test.mock.mockito.MockitoContextCustomizer@0, org.springframework.boot.test.web.client.TestRestTemplateContextCustomizer@6d92756c, org.springframework.boot.test.web.reactive.server.WebTestClientContextCustomizer@1b0836d1], resourceBasePath = 'src/main/webapp', contextLoader = 'org.springframework.boot.test.context.SpringBootContextLoader', parent = [null]], attributes = map['org.springframework.test.context.web.ServletTestExecutionListener.activateListener' -> false]], class annotated with @DirtiesContext [false] with mode [null].
19:34:44.116 [Test worker] DEBUG org.springframework.test.context.junit4.rules.SpringMethodRule - Applying SpringMethodRule to test method [public void hello.SampleRestControllerDocsTests.testProcess(java.lang.String,java.lang.String,int)]
19:34:44.119 [Test worker] DEBUG org.springframework.test.annotation.ProfileValueUtils - Retrieved @ProfileValueSourceConfiguration [null] for test class [hello.SampleRestControllerDocsTests]
19:34:44.120 [Test worker] DEBUG org.springframework.test.annotation.ProfileValueUtils - Retrieved ProfileValueSource type [class org.springframework.test.annotation.SystemProfileValueSource] for class [hello.SampleRestControllerDocsTests]
19:34:44.122 [Test worker] DEBUG org.springframework.test.context.support.DependencyInjectionTestExecutionListener - Performing dependency injection for test context [[DefaultTestContext@21404a08 testClass = SampleRestControllerDocsTests, testInstance = hello.SampleRestControllerDocsTests@22d85f0b, testMethod = [null], testException = [null], mergedContextConfiguration = [WebMergedContextConfiguration@572c030d testClass = SampleRestControllerDocsTests, locations = '{}', classes = '{class hello.Application}', contextInitializerClasses = '[]', activeProfiles = '{}', propertySourceLocations = '{}', propertySourceProperties = '{org.springframework.boot.test.context.SpringBootTestContextBootstrapper=true, server.port=0}', contextCustomizers = set[org.springframework.boot.test.autoconfigure.properties.PropertyMappingContextCustomizer@0, org.springframework.boot.test.autoconfigure.web.servlet.WebDriverContextCustomizerFactory$Customizer@64b5c4c3, org.springframework.boot.test.context.filter.ExcludeFilterContextCustomizer@1722b117, org.springframework.boot.test.json.DuplicateJsonObjectContextCustomizerFactory$DuplicateJsonObjectContextCustomizer@42de9192, org.springframework.boot.test.mock.mockito.MockitoContextCustomizer@0, org.springframework.boot.test.web.client.TestRestTemplateContextCustomizer@6d92756c, org.springframework.boot.test.web.reactive.server.WebTestClientContextCustomizer@1b0836d1], resourceBasePath = 'src/main/webapp', contextLoader = 'org.springframework.boot.test.context.SpringBootContextLoader', parent = [null]], attributes = map['org.springframework.test.context.web.ServletTestExecutionListener.activateListener' -> false]]].
19:34:44.134 [Test worker] DEBUG org.springframework.core.env.StandardEnvironment - Adding PropertySource 'systemProperties' with lowest search precedence
19:34:44.134 [Test worker] DEBUG org.springframework.core.env.StandardEnvironment - Adding PropertySource 'systemEnvironment' with lowest search precedence
19:34:44.134 [Test worker] DEBUG org.springframework.core.env.StandardEnvironment - Initialized StandardEnvironment with PropertySources [MapPropertySource@1494300712 {name='systemProperties', properties={java.runtime.name=Java(TM) SE Runtime Environment, sun.boot.library.path=/home/richard/.sdkman/candidates/java/8.0.161-oracle/jre/lib/amd64, java.vm.version=25.161-b12, java.vm.vendor=Oracle Corporation, java.vendor.url=http://java.oracle.com/, path.separator=:, java.vm.name=Java HotSpot(TM) 64-Bit Server VM, file.encoding.pkg=sun.io, sun.java.launcher=SUN_STANDARD, user.country=GB, sun.os.patch.level=unknown, java.vm.specification.name=Java Virtual Machine Specification, user.dir=/home/richard/workspace/workspace_spring/restDocsTest, java.runtime.version=1.8.0_161-b12, java.awt.graphicsenv=sun.awt.X11GraphicsEnvironment, java.endorsed.dirs=/home/richard/.sdkman/candidates/java/8.0.161-oracle/jre/lib/endorsed, os.arch=amd64, java.io.tmpdir=/tmp, line.separator=
, java.vm.specification.vendor=Oracle Corporation, user.variant=, os.name=Linux, sun.jnu.encoding=UTF-8, java.library.path=/usr/java/packages/lib/amd64:/usr/lib64:/lib64:/lib:/usr/lib, java.specification.name=Java Platform API Specification, java.class.version=52.0, org.gradle.native=false, sun.management.compiler=HotSpot 64-Bit Tiered Compilers, os.version=4.4.0-21-generic, user.home=/home/richard, user.timezone=Europe/London, java.awt.printerjob=sun.print.PSPrinterJob, file.encoding=UTF-8, java.specification.version=1.8, java.class.path=/home/richard/workspace/workspace_spring/restDocsTest/build/classes/java/test:/home/richard/workspace/workspace_spring/restDocsTest/build/resources/test:/home/richard/workspace/workspace_spring/restDocsTest/build/classes/java/main:/home/richard/workspace/workspace_spring/restDocsTest/build/resources/main:/home/richard/.gradle/caches/modules-2/files-2.1/org.springframework.boot/spring-boot-starter-web/2.0.1.RELEASE/88751ed76791d12425ce5a80476baf1749a44cf4/spring-boot-starter-web-2.0.1.RELEASE.jar:/home/richard/.gradle/caches/modules-2/files-2.1/org.springframework.integration/spring-integration-test/5.0.4.RELEASE/84c86457cfb053b5c99a3e48c3d715522faf8a92/spring-integration-test-5.0.4.RELEASE.jar:/home/richard/.gradle/caches/modules-2/files-2.1/org.springframework.restdocs/spring-restdocs-restassured/2.0.1.RELEASE/d0f29fb6cf47f0d4c711b51e4c4c6fdd6d14d435/spring-restdocs-restassured-2.0.1.RELEASE.jar:/home/richard/.gradle/caches/modules-2/files-2.1/io.rest-assured/rest-assured/3.1.0/8d6244fa070a8c3d19412d3c39b17ea536e36aba/rest-assured-3.1.0.jar:/home/richard/.gradle/caches/modules-2/files-2.1/pl.pragmatists/JUnitParams/1.1.1/20981e022b8d21deb374c2888bb0be5f6d371a8f/JUnitParams-1.1.1.jar:/home/richard/.gradle/caches/modules-2/files-2.1/org.springframework.restdocs/spring-restdocs-webtestclient/2.0.1.RELEASE/d89acb1d1ef3d52c2093e785222fc71334fe222c/spring-restdocs-webtestclient-2.0.1.RELEASE.jar:/home/richard/.gradle/caches/modules-2/files-2.1/org.projectreactor/reactor-spring/1.0.1.RELEASE/9e18b5acca0217976db2ecd0ee8f346ea6304d00/reactor-spring-1.0.1.RELEASE.jar:/home/richard/.gradle/caches/modules-2/files-2.1/org.springframework.boot/spring-boot-starter-webflux/2.0.1.RELEASE/521e563e885bcbbe4a9ae87d2f28b96428948565/spring-boot-starter-webflux-2.0.1.RELEASE.jar:/home/richard/.gradle/caches/modules-2/files-2.1/org.springframework.boot/spring-boot-starter-test/2.0.1.RELEASE/d6204ede44fa7e1df01d25509837bfa4b767fa28/spring-boot-starter-test-2.0.1.RELEASE.jar:/home/richard/.gradle/caches/modules-2/files-2.1/org.springframework.restdocs/spring-restdocs-mockmvc/2.0.1.RELEASE/707280ec69ef6698e8d1bea87d24db5cdea16ac8/spring-restdocs-mockmvc-2.0.1.RELEASE.jar:/home/richard/.gradle/caches/modules-2/files-2.1/org.springframework.integration/spring-integration-test-support/5.0.4.RELEASE/df2b3e2569bbab68fca83d0fe6f6c2c7298bbda8/spring-integration-test-support-5.0.4.RELEASE.jar:/home/richard/.gradle/caches/modules-2/files-2.1/org.springframework/spring-test/5.0.1.RELEASE/47dee3bebbcbcaff1be786b6c0db654ba7376eb9/spring-test-5.0.1.RELEASE.jar:/home/richard/.gradle/caches/modules-2/files-2.1/org.springframework.boot/spring-boot-starter-json/2.0.1.RELEASE/f2e1aeeb1ac02bfa1b4f7254633484af1866fc65/spring-boot-starter-json-2.0.1.RELEASE.jar:/home/richard/.gradle/caches/modules-2/files-2.1/org.springframework.boot/spring-boot-starter/2.0.1.RELEASE/33abc1286b0aabea4f08ff4285d09e587835a716/spring-boot-starter-2.0.1.RELEASE.jar:/home/richard/.gradle/caches/modules-2/files-2.1/org.springframework.boot/spring-boot-starter-tomcat/2.0.1.RELEASE/4b46f4aaff6c8a5a1c8184996d5e9e8a9354db8d/spring-boot-starter-tomcat-2.0.1.RELEASE.jar:/home/richard/.gradle/caches/modules-2/files-2.1/org.hibernate.validator/hibernate-validator/6.0.9.Final/b149e4cce82379f11f6129eb3187ca8ae5404005/hibernate-validator-6.0.9.Final.jar:/home/richard/.gradle/caches/modules-2/files-2.1/org.springframework/spring-webmvc/5.0.5.RELEASE/a7fd53c7ad06b0fa7dd4ff347de1b2dc508739e/spring-webmvc-5.0.5.RELEASE.jar:/home/richard/.gradle/caches/modules-2/files-2.1/org.springframework.restdocs/spring-restdocs-core/2.0.1.RELEASE/3aefa222a332450b32e1281411794361996934ef/spring-restdocs-core-2.0.1.RELEASE.jar:/home/richard/.gradle/caches/modules-2/files-2.1/org.springframework/spring-webflux/5.0.5.RELEASE/17cfbf7e5314bb2e8176f45443131ff565beb5e4/spring-webflux-5.0.5.RELEASE.jar:/home/richard/.gradle/caches/modules-2/files-2.1/org.springframework/spring-web/5.0.5.RELEASE/d51dbb5cabe72ae02e400577bac48f7fc94088de/spring-web-5.0.5.RELEASE.jar:/home/richard/.gradle/caches/modules-2/files-2.1/org.springframework.integration/spring-integration-core/5.0.4.RELEASE/40b9d49d62d317eee0c271cbfcc7dee2b56b2faa/spring-integration-core-5.0.4.RELEASE.jar:/home/richard/.gradle/caches/modules-2/files-2.1/io.rest-assured/xml-path/3.0.7/175683707be16e97bf2955bc6a5ca9c4407f084b/xml-path-3.0.7.jar:/home/richard/.gradle/caches/modules-2/files-2.1/org.codehaus.groovy/groovy-xml/2.4.15/40865f59469e6b0808c9c304bd17038997220c72/groovy-xml-2.4.15.jar:/home/richard/.gradle/caches/modules-2/files-2.1/io.rest-assured/json-path/3.0.7/b88986affb0a464b65facb734065e36a500d0cd/json-path-3.0.7.jar:/home/richard/.gradle/caches/modules-2/files-2.1/org.codehaus.groovy/groovy-json/2.4.15/f6f6890181821246398cd44ba1fdf74f55717697/groovy-json-2.4.15.jar:/home/richard/.gradle/caches/modules-2/files-2.1/io.rest-assured/rest-assured-common/3.0.7/db26519055c660180c654dc6b239445865a27281/rest-assured-common-3.0.7.jar:/home/richard/.gradle/caches/modules-2/files-2.1/org.codehaus.groovy/groovy/2.4.15/74b7e0b99526c569e3a59cb84dbcc6204d601ee6/groovy-2.4.15.jar:/home/richard/.gradle/caches/modules-2/files-2.1/org.apache.httpcomponents/httpmime/4.5.5/8281b24b8a493374cd2aa8a90c4156588f7dbcb6/httpmime-4.5.5.jar:/home/richard/.gradle/caches/modules-2/files-2.1/org.apache.httpcomponents/httpclient/4.5.5/1603dfd56ebcd583ccdf337b6c3984ac55d89e58/httpclient-4.5.5.jar:/home/richard/.gradle/caches/modules-2/files-2.1/org.hamcrest/hamcrest-library/1.3/4785a3c21320980282f9f33d0d1264a69040538f/hamcrest-library-1.3.jar:/home/richard/.gradle/caches/modules-2/files-2.1/junit/junit/4.12/2973d150c0dc1fefe998f834810d68f278ea58ec/junit-4.12.jar:/home/richard/.gradle/caches/modules-2/files-2.1/org.hamcrest/hamcrest-core/1.3/42a25dc3219429f0e5d060061f71acb49bf010a0/hamcrest-core-1.3.jar:/home/richard/.gradle/caches/modules-2/files-2.1/org.ccil.cowan.tagsoup/tagsoup/1.2.1/5584627487e984c03456266d3f8802eb85a9ce97/tagsoup-1.2.1.jar:/home/richard/.gradle/caches/modules-2/files-2.1/com.jayway.jsonpath/json-path/2.4.0/765a4401ceb2dc8d40553c2075eb80a8fa35c2ae/json-path-2.4.0.jar:/home/richard/.gradle/caches/modules-2/files-2.1/org.projectreactor/reactor-core/1.0.1.RELEASE/32ba82f726617df92d0b871ecbefe081b30a900a/reactor-core-1.0.1.RELEASE.jar:/home/richard/.gradle/caches/modules-2/files-2.1/org.synchronoss.cloud/nio-multipart-parser/1.1.0/c6c417fec6612584b1c34d4dd98c5a4e47e8c754/nio-multipart-parser-1.1.0.jar:/home/richard/.gradle/caches/modules-2/files-2.1/org.synchronoss.cloud/nio-stream-storage/1.1.3/986dba5f6e5eed20f0dba6ddc8e8a64a9ebdc2f3/nio-stream-storage-1.1.3.jar:/home/richard/.gradle/caches/modules-2/files-2.1/org.springframework.boot/spring-boot-starter-logging/2.0.1.RELEASE/10681a28c95e9f9c0159327a1ed0c860517c7ad7/spring-boot-starter-logging-2.0.1.RELEASE.jar:/home/richard/.gradle/caches/modules-2/files-2.1/ch.qos.logback/logback-classic/1.2.3/7c4f3c474fb2c041d8028740440937705ebb473a/logback-classic-1.2.3.jar:/home/richard/.gradle/caches/modules-2/files-2.1/org.apache.logging.log4j/log4j-to-slf4j/2.10.0/f7e631ccf49cfc0aefa4a2a728da7d374c05bd3c/log4j-to-slf4j-2.10.0.jar:/home/richard/.gradle/caches/modules-2/files-2.1/org.slf4j/jul-to-slf4j/1.7.25/af5364cd6679bfffb114f0dec8a157aaa283b76/jul-to-slf4j-1.7.25.jar:/home/richard/.gradle/caches/modules-2/files-2.1/org.slf4j/slf4j-api/1.7.25/da76ca59f6a57ee3102f8f9bd9cee742973efa8a/slf4j-api-1.7.25.jar:/home/richard/.gradle/caches/modules-2/files-2.1/org.springframework/spring-context-support/5.0.5.RELEASE/109c6bf2e869f055728219b361c78102de434158/spring-context-support-5.0.5.RELEASE.jar:/home/richard/.gradle/caches/modules-2/files-2.1/org.springframework.boot/spring-boot-test-autoconfigure/2.0.1.RELEASE/c7a68c07f2a04323a67740f91d20818ec2e783b3/spring-boot-test-autoconfigure-2.0.1.RELEASE.jar:/home/richard/.gradle/caches/modules-2/files-2.1/org.springframework.boot/spring-boot-test/2.0.1.RELEASE/77cede07b0e9da6c87d0dabcfe3e53ac56747d73/spring-boot-test-2.0.1.RELEASE.jar:/home/richard/.gradle/caches/modules-2/files-2.1/org.springframework.boot/spring-boot-autoconfigure/2.0.1.RELEASE/b0bf9d34ed70c6987a86cd58a009065e5fa02545/spring-boot-autoconfigure-2.0.1.RELEASE.jar:/home/richard/.gradle/caches/modules-2/files-2.1/org.springframework.boot/spring-boot/2.0.1.RELEASE/b8c5b14cbb0e52fdded8f98a8c1493cc74c7cf59/spring-boot-2.0.1.RELEASE.jar:/home/richard/.gradle/caches/modules-2/files-2.1/org.springframework/spring-context/5.0.5.RELEASE/9cca4bf5acb693249a01c218f471c677b951d6e2/spring-context-5.0.5.RELEASE.jar:/home/richard/.gradle/caches/modules-2/files-2.1/org.springframework/spring-tx/5.0.5.RELEASE/b772fbba533da282adc89f33e2619ee8a8bba601/spring-tx-5.0.5.RELEASE.jar:/home/richard/.gradle/caches/modules-2/files-2.1/org.springframework/spring-aop/5.0.5.RELEASE/b11b61b94d7fb752a1c9bf3461d655c3084fae47/spring-aop-5.0.5.RELEASE.jar:/home/richard/.gradle/caches/modules-2/files-2.1/org.springframework/spring-messaging/5.0.5.RELEASE/9429853341e4206640e11125db854b5708dd0a38/spring-messaging-5.0.5.RELEASE.jar:/home/richard/.gradle/caches/modules-2/files-2.1/org.springframework/spring-beans/5.0.5.RELEASE/984445863c0bbdaaf860615762d998b471a6bf92/spring-beans-5.0.5.RELEASE.jar:/home/richard/.gradle/caches/modules-2/files-2.1/org.springframework/spring-expression/5.0.5.RELEASE/fc6c7a95aeb7d00f4c65c338b08d97767eb0dd99/spring-expression-5.0.5.RELEASE.jar:/home/richard/.gradle/caches/modules-2/files-2.1/org.springframework/spring-core/5.0.5.RELEASE/1bd9feb1d9dac6accd27f5244b6c47cfcb55045c/spring-core-5.0.5.RELEASE.jar:/home/richard/.gradle/caches/modules-2/files-2.1/org.springframework.boot/spring-boot-starter-reactor-netty/2.0.1.RELEASE/36ad0a17391082ea9aab1d35c827af6f16379abd/spring-boot-starter-reactor-netty-2.0.1.RELEASE.jar:/home/richard/.gradle/caches/modules-2/files-2.1/org.assertj/assertj-core/3.9.1/c5ce126b15f28d56cd8f960c1a6a058b9c9aea87/assertj-core-3.9.1.jar:/home/richard/.gradle/caches/modules-2/files-2.1/org.mockito/mockito-core/2.15.0/b84bfbbc29cd22c9529409627af6ea2897f4fa85/mockito-core-2.15.0.jar:/home/richard/.gradle/caches/modules-2/files-2.1/org.skyscreamer/jsonassert/1.5.0/6c9d5fe2f59da598d9aefc1cfc6528ff3cf32df3/jsonassert-1.5.0.jar:/home/richard/.gradle/caches/modules-2/files-2.1/org.xmlunit/xmlunit-core/2.5.1/4ffdb346572a7356f7521cd3119ce5287d2e339d/xmlunit-core-2.5.1.jar:/home/richard/.gradle/caches/modules-2/files-2.1/javax.servlet/javax.servlet-api/3.1.0/3cd63d075497751784b2fa84be59432f4905bf7c/javax.servlet-api-3.1.0.jar:/home/richard/.gradle/caches/modules-2/files-2.1/javax.annotation/javax.annotation-api/1.3.2/934c04d3cfef185a8008e7bf34331b79730a9d43/javax.annotation-api-1.3.2.jar:/home/richard/.gradle/caches/modules-2/files-2.1/org.yaml/snakeyaml/1.19/2d998d3d674b172a588e54ab619854d073f555b5/snakeyaml-1.19.jar:/home/richard/.gradle/caches/modules-2/files-2.1/com.fasterxml.jackson.datatype/jackson-datatype-jdk8/2.9.5/23e37f085279ba316c0df923513b81609e1d1f6/jackson-datatype-jdk8-2.9.5.jar:/home/richard/.gradle/caches/modules-2/files-2.1/com.fasterxml.jackson.datatype/jackson-datatype-jsr310/2.9.5/d1f0d11e816bc04e222a261106ca138801841c2d/jackson-datatype-jsr310-2.9.5.jar:/home/richard/.gradle/caches/modules-2/files-2.1/com.fasterxml.jackson.module/jackson-module-parameter-names/2.9.5/f824c60751ffb7bfc3a0d30dfe0e42317d8e67f5/jackson-module-parameter-names-2.9.5.jar:/home/richard/.gradle/caches/modules-2/files-2.1/com.fasterxml.jackson.core/jackson-databind/2.9.5/3490508379d065fe3fcb80042b62f630f7588606/jackson-databind-2.9.5.jar:/home/richard/.gradle/caches/modules-2/files-2.1/org.apache.tomcat.embed/tomcat-embed-websocket/8.5.29/37786f4ca8a1597a91a0f437e659a76d1fcc5bf1/tomcat-embed-websocket-8.5.29.jar:/home/richard/.gradle/caches/modules-2/files-2.1/org.apache.tomcat.embed/tomcat-embed-core/8.5.29/51eac5adde4bc019261b787cb99e5548206908e6/tomcat-embed-core-8.5.29.jar:/home/richard/.gradle/caches/modules-2/files-2.1/org.apache.tomcat.embed/tomcat-embed-el/8.5.29/893fb2c87ec1aa248a7911d76c0c06b3fca6bc9b/tomcat-embed-el-8.5.29.jar:/home/richard/.gradle/caches/modules-2/files-2.1/javax.validation/validation-api/2.0.1.Final/cb855558e6271b1b32e716d24cb85c7f583ce09e/validation-api-2.0.1.Final.jar:/home/richard/.gradle/caches/modules-2/files-2.1/org.jboss.logging/jboss-logging/3.3.2.Final/3789d00e859632e6c6206adc0c71625559e6e3b0/jboss-logging-3.3.2.Final.jar:/home/richard/.gradle/caches/modules-2/files-2.1/com.fasterxml/classmate/1.3.4/3d5f48f10bbe4eb7bd862f10c0583be2e0053c6/classmate-1.3.4.jar:/home/richard/.gradle/caches/modules-2/files-2.1/org.springframework.retry/spring-retry/1.2.2.RELEASE/638928732585c450e461f0a132b6834ad7cf3af0/spring-retry-1.2.2.RELEASE.jar:/home/richard/.gradle/caches/modules-2/files-2.1/io.projectreactor.ipc/reactor-netty/0.7.6.RELEASE/d425f9c97d7e73f163b5c0d4ae0f8ac9a38a0cb3/reactor-netty-0.7.6.RELEASE.jar:/home/richard/.gradle/caches/modules-2/files-2.1/io.projectreactor/reactor-core/3.1.6.RELEASE/64dfad0f0a0e9022c949d678106d53f083b66d05/reactor-core-3.1.6.RELEASE.jar:/home/richard/.gradle/caches/modules-2/files-2.1/org.apache.httpcomponents/httpcore/4.4.9/a86ce739e5a7175b4b234c290a00a5fdb80957a0/httpcore-4.4.9.jar:/home/richard/.gradle/caches/modules-2/files-2.1/commons-codec/commons-codec/1.11/3acb4705652e16236558f0f4f2192cc33c3bd189/commons-codec-1.11.jar:/home/richard/.gradle/caches/modules-2/files-2.1/org.apache.commons/commons-lang3/3.7/557edd918fd41f9260963583ebf5a61a43a6b423/commons-lang3-3.7.jar:/home/richard/.gradle/caches/modules-2/files-2.1/javax.xml.bind/jaxb-api/2.3.0/99f802e0cb3e953ba3d6e698795c4aeb98d37c48/jaxb-api-2.3.0.jar:/home/richard/.gradle/caches/modules-2/files-2.1/net.minidev/json-smart/2.3/7396407491352ce4fa30de92efb158adb76b5b/json-smart-2.3.jar:/home/richard/.gradle/caches/modules-2/files-2.1/com.lmax/disruptor/3.2.0/ac62995678dd4b906e85b26354aa2ebfda130c32/disruptor-3.2.0.jar:/home/richard/.gradle/caches/modules-2/files-2.1/org.springframework/spring-jcl/5.0.5.RELEASE/f4a2854b9d865e8b86717595aec16f877f8c6489/spring-jcl-5.0.5.RELEASE.jar:/home/richard/.gradle/caches/modules-2/files-2.1/net.bytebuddy/byte-buddy/1.7.11/f02857a4e2c66ccbe7aaad6100a0a6c461bce9b3/byte-buddy-1.7.11.jar:/home/richard/.gradle/caches/modules-2/files-2.1/net.bytebuddy/byte-buddy-agent/1.7.11/b425a8933ca07edd03c6dbc8bc3b595fba9780de/byte-buddy-agent-1.7.11.jar:/home/richard/.gradle/caches/modules-2/files-2.1/org.objenesis/objenesis/2.6/639033469776fd37c08358c6b92a4761feb2af4b/objenesis-2.6.jar:/home/richard/.gradle/caches/modules-2/files-2.1/com.vaadin.external.google/android-json/0.0.20131108.vaadin1/fa26d351fe62a6a17f5cda1287c1c6110dec413f/android-json-0.0.20131108.vaadin1.jar:/home/richard/.gradle/caches/modules-2/files-2.1/com.fasterxml.jackson.core/jackson-annotations/2.9.0/7c10d545325e3a6e72e06381afe469fd40eb701/jackson-annotations-2.9.0.jar:/home/richard/.gradle/caches/modules-2/files-2.1/com.fasterxml.jackson.core/jackson-core/2.9.5/a22ac51016944b06fd9ffbc9541c6e7ce5eea117/jackson-core-2.9.5.jar:/home/richard/.gradle/caches/modules-2/files-2.1/org.reactivestreams/reactive-streams/1.0.2/323964c36556eb0e6209f65c1cef72b53b461ab8/reactive-streams-1.0.2.jar:/home/richard/.gradle/caches/modules-2/files-2.1/net.minidev/accessors-smart/1.2/c592b500269bfde36096641b01238a8350f8aa31/accessors-smart-1.2.jar:/home/richard/.gradle/caches/modules-2/files-2.1/io.netty/netty-handler-proxy/4.1.23.Final/9da61616993d003fbf684e06542b68aa8d93abee/netty-handler-proxy-4.1.23.Final.jar:/home/richard/.gradle/caches/modules-2/files-2.1/io.netty/netty-codec-http/4.1.23.Final/47cc15932619fd831aaa67fb0968532636ab435a/netty-codec-http-4.1.23.Final.jar:/home/richard/.gradle/caches/modules-2/files-2.1/io.netty/netty-handler/4.1.23.Final/a6314d244dd11db14249dc2d492e8dd3eec4cdb1/netty-handler-4.1.23.Final.jar:/home/richard/.gradle/caches/modules-2/files-2.1/io.netty/netty-transport-native-epoll/4.1.23.Final/8a8ad56081c66bb74362d5cc0a3cd620874ef1da/netty-transport-native-epoll-4.1.23.Final.jar:/home/richard/.gradle/caches/modules-2/files-2.1/ch.qos.logback/logback-core/1.2.3/864344400c3d4d92dfeb0a305dc87d953677c03c/logback-core-1.2.3.jar:/home/richard/.gradle/caches/modules-2/files-2.1/org.apache.logging.log4j/log4j-api/2.10.0/fec5797a55b786184a537abd39c3fa1449d752d6/log4j-api-2.10.0.jar:/home/richard/.gradle/caches/modules-2/files-2.1/org.ow2.asm/asm/5.0.4/da08b8cce7bbf903602a25a3a163ae252435795/asm-5.0.4.jar:/home/richard/.gradle/caches/modules-2/files-2.1/io.netty/netty-codec-socks/4.1.23.Final/db99145403f5e375faa347f8bd150c2079833a55/netty-codec-socks-4.1.23.Final.jar:/home/richard/.gradle/caches/modules-2/files-2.1/io.netty/netty-codec/4.1.23.Final/d6599803bfefbe9a3e226702faade5df0cb678d1/netty-codec-4.1.23.Final.jar:/home/richard/.gradle/caches/modules-2/files-2.1/io.netty/netty-transport-native-unix-common/4.1.23.Final/acb1d48526d42a0376852d1c242d48112123e745/netty-transport-native-unix-common-4.1.23.Final.jar:/home/richard/.gradle/caches/modules-2/files-2.1/io.netty/netty-transport/4.1.23.Final/80dfcc723083e23058878ddbc33f5fb0ce9ec9e9/netty-transport-4.1.23.Final.jar:/home/richard/.gradle/caches/modules-2/files-2.1/io.netty/netty-buffer/4.1.23.Final/c6c0705bbd5d68aebc2d5fdd48e9dda8a8ad6d3/netty-buffer-4.1.23.Final.jar:/home/richard/.gradle/caches/modules-2/files-2.1/io.netty/netty-resolver/4.1.23.Final/19adaf9ad6833da7506cdccc7c6d16952f366fa5/netty-resolver-4.1.23.Final.jar:/home/richard/.gradle/caches/modules-2/files-2.1/io.netty/netty-common/4.1.23.Final/387b1b9d0441646a5cf84eace2b3e15dd07aca47/netty-common-4.1.23.Final.jar, user.name=richard, java.vm.specification.version=1.8, sun.java.command=worker.org.gradle.process.internal.worker.GradleWorkerMain 'Gradle Test Executor 1', java.home=/home/richard/.sdkman/candidates/java/8.0.161-oracle/jre, sun.arch.data.model=64, user.language=en, java.specification.vendor=Oracle Corporation, awt.toolkit=sun.awt.X11.XToolkit, java.vm.info=mixed mode, java.version=1.8.0_161, java.ext.dirs=/home/richard/.sdkman/candidates/java/8.0.161-oracle/jre/lib/ext:/usr/java/packages/lib/ext, sun.boot.class.path=/home/richard/.sdkman/candidates/java/8.0.161-oracle/jre/lib/resources.jar:/home/richard/.sdkman/candidates/java/8.0.161-oracle/jre/lib/rt.jar:/home/richard/.sdkman/candidates/java/8.0.161-oracle/jre/lib/sunrsasign.jar:/home/richard/.sdkman/candidates/java/8.0.161-oracle/jre/lib/jsse.jar:/home/richard/.sdkman/candidates/java/8.0.161-oracle/jre/lib/jce.jar:/home/richard/.sdkman/candidates/java/8.0.161-oracle/jre/lib/charsets.jar:/home/richard/.sdkman/candidates/java/8.0.161-oracle/jre/lib/jfr.jar:/home/richard/.sdkman/candidates/java/8.0.161-oracle/jre/classes, java.vendor=Oracle Corporation, org.gradle.test.worker=1, file.separator=/, java.vendor.url.bug=http://bugreport.sun.com/bugreport/, sun.io.unicode.encoding=UnicodeLittle, sun.cpu.endian=little, sun.cpu.isalist=}}, SystemEnvironmentPropertySource@195481373 {name='systemEnvironment', properties={PATH=/home/richard/bin:/home/richard/.sdkman/candidates/visualvm/current/bin:/home/richard/.sdkman/candidates/vertx/current/bin:/home/richard/.sdkman/candidates/maven/current/bin:/home/richard/.sdkman/candidates/java/current/bin:/home/richard/.sdkman/candidates/groovy/current/bin:/home/richard/.sdkman/candidates/gradle/current/bin:/home/richard/bin:/usr/local/sbin:/usr/local/bin:/usr/sbin:/usr/bin:/sbin:/bin:/usr/games:/usr/local/games:/snap/bin, XAUTHORITY=/tmp/xauth-1000-_0, SDKMAN_VERSION=5.6.3+299, XDG_DATA_DIRS=/usr/share//usr/share/xsessions/plasma:/usr/local/share:/usr/share:/var/lib/snapd/desktop, MANDATORY_PATH=/usr/share/gconf//usr/share/xsessions/plasma.mandatory.path, VERTX_HOME=/home/richard/.sdkman/candidates/vertx/current, DBUS_SESSION_BUS_ADDRESS=unix:abstract=/tmp/dbus-Z5Cov5wRm9,guid=c256b4ea015448446b64d7e75af2e778, DEFAULTS_PATH=/usr/share/gconf//usr/share/xsessions/plasma.default.path, XDG_CURRENT_DESKTOP=KDE, QT_AUTO_SCREEN_SCALE_FACTOR=0, MAVEN_HOME=/home/richard/.sdkman/candidates/maven/current, SSH_AGENT_PID=3529, SDKMAN_DIR=/home/richard/.sdkman, SESSION_MANAGER=local/richard-ThinkPad-T470-W10DG:@/tmp/.ICE-unix/3673,unix/richard-ThinkPad-T470-W10DG:/tmp/.ICE-unix/3673, QT_LINUX_ACCESSIBILITY_ALWAYS_ON=1, LOGNAME=richard, PWD=/home/richard/workspace/workspace_spring/restDocsTest, PAM_KWALLET5_LOGIN=/tmp/kwallet5_richard.socket, XCURSOR_THEME=DMZ-Black, LANGUAGE=en_GB:en, KDE_SESSION_VERSION=5, SHELL=/bin/bash, LESSOPEN=| /usr/bin/lesspipe %s, OLDPWD=/home/richard/.sdkman/candidates/gradle/current, KDE_MULTIHEAD=false, KDE_FULL_SESSION=true, VISUALVM_HOME=/home/richard/.sdkman/candidates/visualvm/current, GTK_MODULES=gail:atk-bridge, XDG_SESSION_PATH=/org/freedesktop/DisplayManager/Session1, XDG_SESSION_COOKIE=c530b1ba7f0f4d138516ac1680333ced-1525868408.862852-1722298359, XDG_SESSION_DESKTOP=KDE, LS_COLORS=rs=0:di=01;34:ln=01;36:mh=00:pi=40;33:so=01;35:do=01;35:bd=40;33;01:cd=40;33;01:or=40;31;01:mi=00:su=37;41:sg=30;43:ca=30;41:tw=30;42:ow=34;42:st=37;44:ex=01;32:*.tar=01;31:*.tgz=01;31:*.arc=01;31:*.arj=01;31:*.taz=01;31:*.lha=01;31:*.lz4=01;31:*.lzh=01;31:*.lzma=01;31:*.tlz=01;31:*.txz=01;31:*.tzo=01;31:*.t7z=01;31:*.zip=01;31:*.z=01;31:*.Z=01;31:*.dz=01;31:*.gz=01;31:*.lrz=01;31:*.lz=01;31:*.lzo=01;31:*.xz=01;31:*.bz2=01;31:*.bz=01;31:*.tbz=01;31:*.tbz2=01;31:*.tz=01;31:*.deb=01;31:*.rpm=01;31:*.jar=01;31:*.war=01;31:*.ear=01;31:*.sar=01;31:*.rar=01;31:*.alz=01;31:*.ace=01;31:*.zoo=01;31:*.cpio=01;31:*.7z=01;31:*.rz=01;31:*.cab=01;31:*.jpg=01;35:*.jpeg=01;35:*.gif=01;35:*.bmp=01;35:*.pbm=01;35:*.pgm=01;35:*.ppm=01;35:*.tga=01;35:*.xbm=01;35:*.xpm=01;35:*.tif=01;35:*.tiff=01;35:*.png=01;35:*.svg=01;35:*.svgz=01;35:*.mng=01;35:*.pcx=01;35:*.mov=01;35:*.mpg=01;35:*.mpeg=01;35:*.m2v=01;35:*.mkv=01;35:*.webm=01;35:*.ogm=01;35:*.mp4=01;35:*.m4v=01;35:*.mp4v=01;35:*.vob=01;35:*.qt=01;35:*.nuv=01;35:*.wmv=01;35:*.asf=01;35:*.rm=01;35:*.rmvb=01;35:*.flc=01;35:*.avi=01;35:*.fli=01;35:*.flv=01;35:*.gl=01;35:*.dl=01;35:*.xcf=01;35:*.xwd=01;35:*.yuv=01;35:*.cgm=01;35:*.emf=01;35:*.ogv=01;35:*.ogx=01;35:*.aac=00;36:*.au=00;36:*.flac=00;36:*.m4a=00;36:*.mid=00;36:*.midi=00;36:*.mka=00;36:*.mp3=00;36:*.mpc=00;36:*.ogg=00;36:*.ra=00;36:*.wav=00;36:*.oga=00;36:*.opus=00;36:*.spx=00;36:*.xspf=00;36:, SDKMAN_CURRENT_API=https://api.sdkman.io/2, SHLVL=1, PAM_KWALLET_LOGIN=/tmp/kwallet_richard.socket, LESSCLOSE=/usr/bin/lesspipe %s %s, JAVA_HOME=/home/richard/.sdkman/candidates/java/current, KDE_SESSION_UID=1000, TERM=xterm-256color, XDG_CONFIG_DIRS=/etc/xdg/xdg-/usr/share/xsessions/plasma:/etc/xdg:/usr/share/mint-artwork-kde/kf5-settings:/usr/share/mint-artwork-kde/kde4-profile/default/config, LANG=en_GB.UTF-8, XDG_SEAT_PATH=/org/freedesktop/DisplayManager/Seat0, XDG_SESSION_ID=2, XDG_SESSION_TYPE=x11, GRADLE_HOME=/home/richard/.sdkman/candidates/gradle/current, GROOVY_HOME=/home/richard/.sdkman/candidates/groovy/current, DISPLAY=:0, GTK_RC_FILES=/etc/gtk/gtkrc:/home/richard/.gtkrc:/home/richard/.config/gtkrc, SDKMAN_CANDIDATES_DIR=/home/richard/.sdkman/candidates, XDG_SESSION_CLASS=user, _=/home/richard/.sdkman/candidates/gradle/current/bin/gradle, SDKMAN_LEGACY_API=https://api.sdkman.io/1, XCURSOR_SIZE=24, DESKTOP_SESSION=/usr/share/xsessions/plasma, SDKMAN_PLATFORM=Linux64, USER=richard, DESKTOP_STARTUP_ID=richard-ThinkPad-T470-W10DG;1525868434;720749;3646_TIME36042, GTK2_RC_FILES=/etc/gtk-2.0/gtkrc:/home/richard/.gtkrc-2.0:/home/richard/.config/gtkrc-2.0, QT_ACCESSIBILITY=1, SSH_AUTH_SOCK=/tmp/ssh-QPuX9F33Tmm7/agent.3478, XDG_SEAT=seat0, GS_LIB=/home/richard/.fonts, XDG_VTNR=7, XDG_RUNTIME_DIR=/run/user/1000, HOME=/home/richard}}]
19:34:44.135 [Test worker] DEBUG org.springframework.test.context.support.TestPropertySourceUtils - Adding inlined properties to environment: {spring.jmx.enabled=false, org.springframework.boot.test.context.SpringBootTestContextBootstrapper=true, server.port=0}
19:34:44.135 [Test worker] DEBUG org.springframework.core.env.StandardEnvironment - Adding PropertySource 'Inlined Test Properties' with highest search precedence

  .   ____          _            __ _ _
 /\\ / ___'_ __ _ _(_)_ __  __ _ \ \ \ \
( ( )\___ | '_ | '_| | '_ \/ _` | \ \ \ \
 \\/  ___)| |_)| | | | | || (_| |  ) ) ) )
  '  |____| .__|_| |_|_| |_\__, | / / / /
 =========|_|==============|___/=/_/_/_/
 :: Spring Boot ::        (v2.0.1.RELEASE)

2018-05-09 19:34:44.396  INFO 20195 --- [    Test worker] hello.SampleRestControllerDocsTests      : Starting SampleRestControllerDocsTests on richard-ThinkPad-T470-W10DG with PID 20195 (started by richard in /home/richard/workspace/workspace_spring/restDocsTest)
2018-05-09 19:34:44.398  INFO 20195 --- [    Test worker] hello.SampleRestControllerDocsTests      : No active profile set, falling back to default profiles: default
2018-05-09 19:34:44.674  INFO 20195 --- [    Test worker] ConfigServletWebServerApplicationContext : Refreshing org.springframework.boot.web.servlet.context.AnnotationConfigServletWebServerApplicationContext@237a42: startup date [Wed May 09 19:34:44 BST 2018]; root of context hierarchy
2018-05-09 19:34:45.258  INFO 20195 --- [    Test worker] o.s.i.config.IntegrationRegistrar        : No bean named 'integrationHeaderChannelRegistry' has been explicitly defined. Therefore, a default DefaultHeaderChannelRegistry will be created.
2018-05-09 19:34:45.522  INFO 20195 --- [    Test worker] faultConfiguringBeanFactoryPostProcessor : No bean named 'errorChannel' has been explicitly defined. Therefore, a default PublishSubscribeChannel will be created.
2018-05-09 19:34:45.532  INFO 20195 --- [    Test worker] faultConfiguringBeanFactoryPostProcessor : No bean named 'taskScheduler' has been explicitly defined. Therefore, a default ThreadPoolTaskScheduler will be created.
2018-05-09 19:34:45.654  INFO 20195 --- [    Test worker] trationDelegate$BeanPostProcessorChecker : Bean 'org.springframework.integration.config.IntegrationManagementConfiguration' of type [org.springframework.integration.config.IntegrationManagementConfiguration$$EnhancerBySpringCGLIB$$54612c54] is not eligible for getting processed by all BeanPostProcessors (for example: not eligible for auto-proxying)
2018-05-09 19:34:46.067  INFO 20195 --- [    Test worker] o.s.b.w.embedded.tomcat.TomcatWebServer  : Tomcat initialized with port(s): 0 (http)
2018-05-09 19:34:46.091  INFO 20195 --- [    Test worker] o.apache.catalina.core.StandardService   : Starting service [Tomcat]
2018-05-09 19:34:46.092  INFO 20195 --- [    Test worker] org.apache.catalina.core.StandardEngine  : Starting Servlet Engine: Apache Tomcat/8.5.29
2018-05-09 19:34:46.100  INFO 20195 --- [ost-startStop-1] o.a.catalina.core.AprLifecycleListener   : The APR based Apache Tomcat Native library which allows optimal performance in production environments was not found on the java.library.path: [/usr/java/packages/lib/amd64:/usr/lib64:/lib64:/lib:/usr/lib]
2018-05-09 19:34:46.187  INFO 20195 --- [ost-startStop-1] o.a.c.c.C.[Tomcat].[localhost].[/]       : Initializing Spring embedded WebApplicationContext
2018-05-09 19:34:46.187  INFO 20195 --- [ost-startStop-1] o.s.web.context.ContextLoader            : Root WebApplicationContext: initialization completed in 1517 ms
2018-05-09 19:34:46.316  INFO 20195 --- [ost-startStop-1] o.s.b.w.servlet.ServletRegistrationBean  : Servlet dispatcherServlet mapped to [/]
2018-05-09 19:34:46.321  INFO 20195 --- [ost-startStop-1] o.s.b.w.servlet.FilterRegistrationBean   : Mapping filter: 'characterEncodingFilter' to: [/*]
2018-05-09 19:34:46.321  INFO 20195 --- [ost-startStop-1] o.s.b.w.servlet.FilterRegistrationBean   : Mapping filter: 'hiddenHttpMethodFilter' to: [/*]
2018-05-09 19:34:46.322  INFO 20195 --- [ost-startStop-1] o.s.b.w.servlet.FilterRegistrationBean   : Mapping filter: 'httpPutFormContentFilter' to: [/*]
2018-05-09 19:34:46.322  INFO 20195 --- [ost-startStop-1] o.s.b.w.servlet.FilterRegistrationBean   : Mapping filter: 'requestContextFilter' to: [/*]
2018-05-09 19:34:46.575  INFO 20195 --- [    Test worker] o.s.w.s.handler.SimpleUrlHandlerMapping  : Mapped URL path [/**/favicon.ico] onto handler of type [class org.springframework.web.servlet.resource.ResourceHttpRequestHandler]
2018-05-09 19:34:46.746  INFO 20195 --- [    Test worker] s.w.s.m.m.a.RequestMappingHandlerAdapter : Looking for @ControllerAdvice: org.springframework.boot.web.servlet.context.AnnotationConfigServletWebServerApplicationContext@237a42: startup date [Wed May 09 19:34:44 BST 2018]; root of context hierarchy
2018-05-09 19:34:46.828  INFO 20195 --- [    Test worker] s.w.s.m.m.a.RequestMappingHandlerMapping : Mapped "{[/],methods=[GET]}" onto public java.util.Map<java.lang.String, java.lang.Object> hello.HelloController.greeting()
2018-05-09 19:34:46.832  INFO 20195 --- [    Test worker] s.w.s.m.m.a.RequestMappingHandlerMapping : Mapped "{[/error],produces=[text/html]}" onto public org.springframework.web.servlet.ModelAndView org.springframework.boot.autoconfigure.web.servlet.error.BasicErrorController.errorHtml(javax.servlet.http.HttpServletRequest,javax.servlet.http.HttpServletResponse)
2018-05-09 19:34:46.832  INFO 20195 --- [    Test worker] s.w.s.m.m.a.RequestMappingHandlerMapping : Mapped "{[/error]}" onto public org.springframework.http.ResponseEntity<java.util.Map<java.lang.String, java.lang.Object>> org.springframework.boot.autoconfigure.web.servlet.error.BasicErrorController.error(javax.servlet.http.HttpServletRequest)
2018-05-09 19:34:46.877  INFO 20195 --- [    Test worker] o.s.w.s.handler.SimpleUrlHandlerMapping  : Mapped URL path [/webjars/**] onto handler of type [class org.springframework.web.servlet.resource.ResourceHttpRequestHandler]
2018-05-09 19:34:46.877  INFO 20195 --- [    Test worker] o.s.w.s.handler.SimpleUrlHandlerMapping  : Mapped URL path [/**] onto handler of type [class org.springframework.web.servlet.resource.ResourceHttpRequestHandler]
2018-05-09 19:34:47.037  INFO 20195 --- [    Test worker] o.s.s.c.ThreadPoolTaskScheduler          : Initializing ExecutorService  'taskScheduler'
2018-05-09 19:34:47.590  INFO 20195 --- [    Test worker] o.s.c.support.DefaultLifecycleProcessor  : Starting beans in phase 0
2018-05-09 19:34:47.591  INFO 20195 --- [    Test worker] o.s.i.endpoint.EventDrivenConsumer       : Adding {logging-channel-adapter:_org.springframework.integration.errorLogger} as a subscriber to the 'errorChannel' channel
2018-05-09 19:34:47.591  INFO 20195 --- [    Test worker] o.s.i.channel.PublishSubscribeChannel    : Channel 'application.errorChannel' has 1 subscriber(s).
2018-05-09 19:34:47.591  INFO 20195 --- [    Test worker] o.s.i.endpoint.EventDrivenConsumer       : started _org.springframework.integration.errorLogger
2018-05-09 19:34:47.618  INFO 20195 --- [    Test worker] o.s.b.w.embedded.tomcat.TomcatWebServer  : Tomcat started on port(s): 37496 (http) with context path ''
2018-05-09 19:34:47.626  INFO 20195 --- [    Test worker] hello.SampleRestControllerDocsTests      : Started SampleRestControllerDocsTests in 3.487 seconds (JVM running for 4.38)
]]></system-out>
  <system-err><![CDATA[]]></system-err>
</testsuite>
